Using pre-set license
Built from '2020.3/release' branch; Version is '2020.3.27f1 (e759542391ea) revision 15161684'; Using compiler version '192528614'; Build Type 'Release'
OS: 'Windows 11  (10.0.22000) 64bit Core' Language: 'zh' Physical Memory: 15770 MB
BatchMode: 1, IsHumanControllingUs: 0, StartBugReporterOnCrash: 0, Is64bit: 1, IsPro: 0

COMMAND LINE ARGUMENTS:
C:\Program Files\Unity\Hub\Editor\2020.3.27f1\Editor\Unity.exe
-adb2
-batchMode
-noUpm
-name
AssetImportWorker0
-projectPath
C:/Users/17325/OneDrive/Documents/Advanced_Game_Programming/Penguins
-logFile
Logs/AssetImportWorker0.log
-srvPort
57956
Successfully changed project path to: C:/Users/17325/OneDrive/Documents/Advanced_Game_Programming/Penguins
C:/Users/17325/OneDrive/Documents/Advanced_Game_Programming/Penguins
Using Asset Import Pipeline V2.
Refreshing native plugins compatible for Editor in 38.96 ms, found 3 plugins.
Preloading 0 native plugins for Editor in 0.00 ms.
Initialize engine version: 2020.3.27f1 (e759542391ea)
[Subsystems] Discovering subsystems at path C:/Program Files/Unity/Hub/Editor/2020.3.27f1/Editor/Data/Resources/UnitySubsystems
[Subsystems] Discovering subsystems at path C:/Users/17325/OneDrive/Documents/Advanced_Game_Programming/Penguins/Assets
GfxDevice: creating device client; threaded=0
Direct3D:
    Version:  Direct3D 11.0 [level 11.1]
    Renderer: NVIDIA GeForce RTX 3060 Laptop GPU (ID=0x2520)
    Vendor:   
    VRAM:     6023 MB
    Driver:   30.0.15.1123
Initialize mono
Mono path[0] = 'C:/Program Files/Unity/Hub/Editor/2020.3.27f1/Editor/Data/Managed'
Mono path[1] = 'C:/Program Files/Unity/Hub/Editor/2020.3.27f1/Editor/Data/MonoBleedingEdge/lib/mono/unityjit'
Mono config path = 'C:/Program Files/Unity/Hub/Editor/2020.3.27f1/Editor/Data/MonoBleedingEdge/etc'
Using monoOptions --debugger-agent=transport=dt_socket,embedding=1,server=y,suspend=n,address=127.0.0.1:56332
Begin MonoManager ReloadAssembly
Registering precompiled unity dll's ...
Register platform support module: C:/Program Files/Unity/Hub/Editor/2020.3.27f1/Editor/Data/PlaybackEngines/WindowsStandaloneSupport/UnityEditor.WindowsStandalone.Extensions.dll
Registered in 0.004667 seconds.
Native extension for WindowsStandalone target not found
Refreshing native plugins compatible for Editor in 31.93 ms, found 3 plugins.
Preloading 0 native plugins for Editor in 0.00 ms.
Mono: successfully reloaded assembly
- Completed reload, in  0.538 seconds
Domain Reload Profiling:
	ReloadAssembly (538ms)
		BeginReloadAssembly (63ms)
			ExecutionOrderSort (0ms)
			DisableScriptedObjects (0ms)
			BackupInstance (0ms)
			ReleaseScriptingObjects (0ms)
			CreateAndSetChildDomain (1ms)
		EndReloadAssembly (392ms)
			LoadAssemblies (61ms)
			RebuildTransferFunctionScriptingTraits (0ms)
			SetupTypeCache (122ms)
			ReleaseScriptCaches (0ms)
			RebuildScriptCaches (22ms)
			SetupLoadedEditorAssemblies (142ms)
				LogAssemblyErrors (0ms)
				InitializePlatformSupportModulesInManaged (3ms)
				SetLoadedEditorAssemblies (0ms)
				RefreshPlugins (32ms)
				BeforeProcessingInitializeOnLoad (13ms)
				ProcessInitializeOnLoadAttributes (71ms)
				ProcessInitializeOnLoadMethodAttributes (23ms)
				AfterProcessingInitializeOnLoad (0ms)
				EditorAssembliesLoaded (0ms)
			ExecutionOrderSort2 (0ms)
			AwakeInstancesAfterBackupRestoration (0ms)
Platform modules already initialized, skipping
Registering precompiled user dll's ...
Registered in 0.007106 seconds.
Begin MonoManager ReloadAssembly
Native extension for WindowsStandalone target not found
Refreshing native plugins compatible for Editor in 36.59 ms, found 3 plugins.
Preloading 0 native plugins for Editor in 0.00 ms.
Mono: successfully reloaded assembly
- Completed reload, in  1.353 seconds
Domain Reload Profiling:
	ReloadAssembly (1354ms)
		BeginReloadAssembly (130ms)
			ExecutionOrderSort (0ms)
			DisableScriptedObjects (5ms)
			BackupInstance (0ms)
			ReleaseScriptingObjects (0ms)
			CreateAndSetChildDomain (20ms)
		EndReloadAssembly (1167ms)
			LoadAssemblies (86ms)
			RebuildTransferFunctionScriptingTraits (0ms)
			SetupTypeCache (412ms)
			ReleaseScriptCaches (1ms)
			RebuildScriptCaches (38ms)
			SetupLoadedEditorAssemblies (533ms)
				LogAssemblyErrors (0ms)
				InitializePlatformSupportModulesInManaged (4ms)
				SetLoadedEditorAssemblies (0ms)
				RefreshPlugins (37ms)
				BeforeProcessingInitializeOnLoad (76ms)
				ProcessInitializeOnLoadAttributes (403ms)
				ProcessInitializeOnLoadMethodAttributes (7ms)
				AfterProcessingInitializeOnLoad (5ms)
				EditorAssembliesLoaded (0ms)
			ExecutionOrderSort2 (0ms)
			AwakeInstancesAfterBackupRestoration (10ms)
Platform modules already initialized, skipping
========================================================================
Worker process is ready to serve import requests
Launched and connected shader compiler UnityShaderCompiler.exe after 0.06 seconds
Refreshing native plugins compatible for Editor in 1.75 ms, found 3 plugins.
Preloading 0 native plugins for Editor in 0.00 ms.
Unloading 2173 Unused Serialized files (Serialized files now loaded: 0)
System memory in use before: 104.3 MB.
System memory in use after: 104.4 MB.

Unloading 37 unused Assets to reduce memory usage. Loaded Objects now: 2589.
Total: 5.746600 ms (FindLiveObjects: 0.310400 ms CreateObjectMapping: 0.170600 ms MarkObjects: 5.137900 ms  DeleteObjects: 0.125500 ms)

AssetImportParameters requested are different than current active one (requested -> active):
  custom:framework-win-MediaFoundation: 216162199b28c13a410421893ffa2e32 -> 
  custom:video-decoder-ogg-theora: a1e56fd34408186e4bbccfd4996cb3dc -> 
  custom:container-muxer-webm: aa71ff27fc2769a1b78a27578f13a17b -> 
  custom:container-demuxer-webm: 4f35f7cbe854078d1ac9338744f61a02 -> 
  custom:container-demuxer-ogg: 62fdf1f143b41e24485cea50d1cbac27 -> 
  custom:video-encoder-webm-vp8: eb34c28f22e8b96e1ab97ce403110664 -> 
  custom:video-decoder-webm-vp8: 9c59270c3fd7afecdb556c50c9e8de78 -> 
  custom:audio-decoder-ogg-vorbis: bf7c407c2cedff20999df2af8eb42d56 -> 
  custom:audio-encoder-webm-vorbis: bf7c407c2cedff20999df2af8eb42d56 -> 
========================================================================
Received Import Request.
  path: Assets/Penguin/Scripts/PenguinArea.cs
  artifactKey: Guid(3585a6a92fa1e14439630ae5a69d9c11) Importer(815301076,1909f56bfc062723c751e8b465ee728b)
Start importing Assets/Penguin/Scripts/PenguinArea.cs using Guid(3585a6a92fa1e14439630ae5a69d9c11) Importer(815301076,1909f56bfc062723c751e8b465ee728b)  -> (artifact id: '81557ce345845374d3ea1b60eabebd44') in 0.037992 seconds 
  Import took 0.043421 seconds .

========================================================================
Received Import Request.
  Time since last request: 23.008860 seconds.
  path: Assets/Penguin/Scripts/PenguinArea.cs
  artifactKey: Guid(3585a6a92fa1e14439630ae5a69d9c11) Importer(815301076,1909f56bfc062723c751e8b465ee728b)
Start importing Assets/Penguin/Scripts/PenguinArea.cs using Guid(3585a6a92fa1e14439630ae5a69d9c11) Importer(815301076,1909f56bfc062723c751e8b465ee728b)  -> (artifact id: '29dedddb5572065a4f00437e8be8570e') in 0.001979 seconds 
  Import took 0.005080 seconds .

========================================================================
Received Import Request.
  Time since last request: 211.097156 seconds.
  path: Assets/Penguin/Scripts/PenguinArea.cs
  artifactKey: Guid(3585a6a92fa1e14439630ae5a69d9c11) Importer(815301076,1909f56bfc062723c751e8b465ee728b)
Start importing Assets/Penguin/Scripts/PenguinArea.cs using Guid(3585a6a92fa1e14439630ae5a69d9c11) Importer(815301076,1909f56bfc062723c751e8b465ee728b)  -> (artifact id: 'c0e09070c97145def49de2e971359b5e') in 0.003119 seconds 
  Import took 0.006478 seconds .

========================================================================
Received Import Request.
  Time since last request: 9.057524 seconds.
  path: Assets/Penguin/Scripts/PenguinArea.cs
  artifactKey: Guid(3585a6a92fa1e14439630ae5a69d9c11) Importer(815301076,1909f56bfc062723c751e8b465ee728b)
Start importing Assets/Penguin/Scripts/PenguinArea.cs using Guid(3585a6a92fa1e14439630ae5a69d9c11) Importer(815301076,1909f56bfc062723c751e8b465ee728b)  -> (artifact id: '0fb0d13e3819d9e54b7208c992510513') in 0.003389 seconds 
  Import took 0.006378 seconds .

========================================================================
Received Import Request.
  Time since last request: 188.050971 seconds.
  path: Assets/Penguin/Scripts/PenguinArea.cs
  artifactKey: Guid(3585a6a92fa1e14439630ae5a69d9c11) Importer(815301076,1909f56bfc062723c751e8b465ee728b)
Start importing Assets/Penguin/Scripts/PenguinArea.cs using Guid(3585a6a92fa1e14439630ae5a69d9c11) Importer(815301076,1909f56bfc062723c751e8b465ee728b)  -> (artifact id: '3b61524dec847dbe931df45a6b6a7cdd') in 0.003369 seconds 
  Import took 0.006737 seconds .

========================================================================
Received Import Request.
  Time since last request: 101.733457 seconds.
  path: Assets/Penguin/Scripts/PenguinArea.cs
  artifactKey: Guid(3585a6a92fa1e14439630ae5a69d9c11) Importer(815301076,1909f56bfc062723c751e8b465ee728b)
Start importing Assets/Penguin/Scripts/PenguinArea.cs using Guid(3585a6a92fa1e14439630ae5a69d9c11) Importer(815301076,1909f56bfc062723c751e8b465ee728b)  -> (artifact id: 'ab76111d0d1f5fc7d6fe3b1d76e659ea') in 0.003556 seconds 
  Import took 0.006764 seconds .

========================================================================
Received Import Request.
  Time since last request: 153.222833 seconds.
  path: Assets/Penguin/Scripts/PenguinArea.cs
  artifactKey: Guid(3585a6a92fa1e14439630ae5a69d9c11) Importer(815301076,1909f56bfc062723c751e8b465ee728b)
Start importing Assets/Penguin/Scripts/PenguinArea.cs using Guid(3585a6a92fa1e14439630ae5a69d9c11) Importer(815301076,1909f56bfc062723c751e8b465ee728b)  -> (artifact id: '36fd750a73c2d84b871a5f06a85b2f9b') in 0.001890 seconds 
  Import took 0.005250 seconds .

========================================================================
Received Import Request.
  Time since last request: 26.128073 seconds.
  path: Assets/Penguin/Scripts/PenguinArea.cs
  artifactKey: Guid(3585a6a92fa1e14439630ae5a69d9c11) Importer(815301076,1909f56bfc062723c751e8b465ee728b)
Start importing Assets/Penguin/Scripts/PenguinArea.cs using Guid(3585a6a92fa1e14439630ae5a69d9c11) Importer(815301076,1909f56bfc062723c751e8b465ee728b)  -> (artifact id: '6a1ead483631d6bc8916872360e698f4') in 0.002007 seconds 
  Import took 0.004997 seconds .

========================================================================
Received Import Request.
  Time since last request: 170.480235 seconds.
  path: Assets/Penguin/Scripts/PenguinArea.cs
  artifactKey: Guid(3585a6a92fa1e14439630ae5a69d9c11) Importer(815301076,1909f56bfc062723c751e8b465ee728b)
Start importing Assets/Penguin/Scripts/PenguinArea.cs using Guid(3585a6a92fa1e14439630ae5a69d9c11) Importer(815301076,1909f56bfc062723c751e8b465ee728b)  -> (artifact id: '4feca6d848eca475155635e50224a55e') in 0.001920 seconds 
  Import took 0.005021 seconds .

========================================================================
Received Import Request.
  Time since last request: 29.469289 seconds.
  path: Assets/Penguin/Scripts/PenguinArea.cs
  artifactKey: Guid(3585a6a92fa1e14439630ae5a69d9c11) Importer(815301076,1909f56bfc062723c751e8b465ee728b)
Start importing Assets/Penguin/Scripts/PenguinArea.cs using Guid(3585a6a92fa1e14439630ae5a69d9c11) Importer(815301076,1909f56bfc062723c751e8b465ee728b)  -> (artifact id: 'dd049435fd6f7ceb8f27f66a723af354') in 0.003347 seconds 
  Import took 0.006399 seconds .

========================================================================
Received Prepare
Registering precompiled user dll's ...
Registered in 0.006946 seconds.
Begin MonoManager ReloadAssembly
Native extension for WindowsStandalone target not found
Refreshing native plugins compatible for Editor in 0.52 ms, found 3 plugins.
Preloading 0 native plugins for Editor in 0.00 ms.
Mono: successfully reloaded assembly
- Completed reload, in  0.830 seconds
Domain Reload Profiling:
	ReloadAssembly (830ms)
		BeginReloadAssembly (102ms)
			ExecutionOrderSort (0ms)
			DisableScriptedObjects (3ms)
			BackupInstance (0ms)
			ReleaseScriptingObjects (0ms)
			CreateAndSetChildDomain (35ms)
		EndReloadAssembly (685ms)
			LoadAssemblies (81ms)
			RebuildTransferFunctionScriptingTraits (0ms)
			SetupTypeCache (237ms)
			ReleaseScriptCaches (1ms)
			RebuildScriptCaches (25ms)
			SetupLoadedEditorAssemblies (285ms)
				LogAssemblyErrors (0ms)
				InitializePlatformSupportModulesInManaged (3ms)
				SetLoadedEditorAssemblies (0ms)
				RefreshPlugins (1ms)
				BeforeProcessingInitializeOnLoad (56ms)
				ProcessInitializeOnLoadAttributes (216ms)
				ProcessInitializeOnLoadMethodAttributes (6ms)
				AfterProcessingInitializeOnLoad (4ms)
				EditorAssembliesLoaded (0ms)
			ExecutionOrderSort2 (0ms)
			AwakeInstancesAfterBackupRestoration (5ms)
Platform modules already initialized, skipping
Refreshing native plugins compatible for Editor in 0.53 ms, found 3 plugins.
Preloading 0 native plugins for Editor in 0.00 ms.
Unloading 2132 Unused Serialized files (Serialized files now loaded: 0)
System memory in use before: 100.7 MB.
System memory in use after: 100.8 MB.

Unloading 31 unused Assets to reduce memory usage. Loaded Objects now: 2592.
Total: 2.912100 ms (FindLiveObjects: 0.178900 ms CreateObjectMapping: 0.105200 ms MarkObjects: 2.605300 ms  DeleteObjects: 0.021800 ms)

AssetImportParameters requested are different than current active one (requested -> active):
  custom:framework-win-MediaFoundation: 216162199b28c13a410421893ffa2e32 -> 
  custom:video-decoder-ogg-theora: a1e56fd34408186e4bbccfd4996cb3dc -> 
  custom:container-muxer-webm: aa71ff27fc2769a1b78a27578f13a17b -> 
  custom:container-demuxer-webm: 4f35f7cbe854078d1ac9338744f61a02 -> 
  custom:container-demuxer-ogg: 62fdf1f143b41e24485cea50d1cbac27 -> 
  custom:video-encoder-webm-vp8: eb34c28f22e8b96e1ab97ce403110664 -> 
  custom:video-decoder-webm-vp8: 9c59270c3fd7afecdb556c50c9e8de78 -> 
  custom:audio-decoder-ogg-vorbis: bf7c407c2cedff20999df2af8eb42d56 -> 
  custom:audio-encoder-webm-vorbis: bf7c407c2cedff20999df2af8eb42d56 -> 
========================================================================
Received Import Request.
  Time since last request: 57.666059 seconds.
  path: Assets/Penguin/Scripts/PenguinArea.cs
  artifactKey: Guid(3585a6a92fa1e14439630ae5a69d9c11) Importer(815301076,1909f56bfc062723c751e8b465ee728b)
Start importing Assets/Penguin/Scripts/PenguinArea.cs using Guid(3585a6a92fa1e14439630ae5a69d9c11) Importer(815301076,1909f56bfc062723c751e8b465ee728b)  -> (artifact id: 'c5b0da97aa7f170a30630c5ada099d67') in 0.005461 seconds 
  Import took 0.009566 seconds .

========================================================================
Received Prepare
Registering precompiled user dll's ...
Registered in 0.006687 seconds.
Begin MonoManager ReloadAssembly
Native extension for WindowsStandalone target not found
Refreshing native plugins compatible for Editor in 0.51 ms, found 3 plugins.
Preloading 0 native plugins for Editor in 0.00 ms.
Mono: successfully reloaded assembly
- Completed reload, in  0.842 seconds
Domain Reload Profiling:
	ReloadAssembly (842ms)
		BeginReloadAssembly (127ms)
			ExecutionOrderSort (0ms)
			DisableScriptedObjects (3ms)
			BackupInstance (0ms)
			ReleaseScriptingObjects (0ms)
			CreateAndSetChildDomain (34ms)
		EndReloadAssembly (664ms)
			LoadAssemblies (80ms)
			RebuildTransferFunctionScriptingTraits (0ms)
			SetupTypeCache (221ms)
			ReleaseScriptCaches (1ms)
			RebuildScriptCaches (24ms)
			SetupLoadedEditorAssemblies (282ms)
				LogAssemblyErrors (0ms)
				InitializePlatformSupportModulesInManaged (3ms)
				SetLoadedEditorAssemblies (0ms)
				RefreshPlugins (1ms)
				BeforeProcessingInitializeOnLoad (56ms)
				ProcessInitializeOnLoadAttributes (212ms)
				ProcessInitializeOnLoadMethodAttributes (6ms)
				AfterProcessingInitializeOnLoad (4ms)
				EditorAssembliesLoaded (0ms)
			ExecutionOrderSort2 (0ms)
			AwakeInstancesAfterBackupRestoration (4ms)
Platform modules already initialized, skipping
Refreshing native plugins compatible for Editor in 0.51 ms, found 3 plugins.
Preloading 0 native plugins for Editor in 0.00 ms.
Unloading 2132 Unused Serialized files (Serialized files now loaded: 0)
System memory in use before: 100.7 MB.
System memory in use after: 100.9 MB.

Unloading 31 unused Assets to reduce memory usage. Loaded Objects now: 2595.
Total: 2.860700 ms (FindLiveObjects: 0.150100 ms CreateObjectMapping: 0.071000 ms MarkObjects: 2.618000 ms  DeleteObjects: 0.020500 ms)

AssetImportParameters requested are different than current active one (requested -> active):
  custom:framework-win-MediaFoundation: 216162199b28c13a410421893ffa2e32 -> 
  custom:video-decoder-ogg-theora: a1e56fd34408186e4bbccfd4996cb3dc -> 
  custom:container-muxer-webm: aa71ff27fc2769a1b78a27578f13a17b -> 
  custom:container-demuxer-webm: 4f35f7cbe854078d1ac9338744f61a02 -> 
  custom:container-demuxer-ogg: 62fdf1f143b41e24485cea50d1cbac27 -> 
  custom:video-encoder-webm-vp8: eb34c28f22e8b96e1ab97ce403110664 -> 
  custom:video-decoder-webm-vp8: 9c59270c3fd7afecdb556c50c9e8de78 -> 
  custom:audio-decoder-ogg-vorbis: bf7c407c2cedff20999df2af8eb42d56 -> 
  custom:audio-encoder-webm-vorbis: bf7c407c2cedff20999df2af8eb42d56 -> 
========================================================================
Received Import Request.
  Time since last request: 80.462749 seconds.
  path: Assets/Penguin/Scripts/PenguinArea.cs
  artifactKey: Guid(3585a6a92fa1e14439630ae5a69d9c11) Importer(815301076,1909f56bfc062723c751e8b465ee728b)
Start importing Assets/Penguin/Scripts/PenguinArea.cs using Guid(3585a6a92fa1e14439630ae5a69d9c11) Importer(815301076,1909f56bfc062723c751e8b465ee728b)  -> (artifact id: 'c31fbf8793644206384ca1dc4090893d') in 0.005607 seconds 
  Import took 0.008984 seconds .

========================================================================
Received Import Request.
  Time since last request: 244.208769 seconds.
  path: Assets/Penguin/Scripts/PenguinAgent.cs
  artifactKey: Guid(d1a9771b79ab3684ea02db54d2277832) Importer(815301076,1909f56bfc062723c751e8b465ee728b)
Start importing Assets/Penguin/Scripts/PenguinAgent.cs using Guid(d1a9771b79ab3684ea02db54d2277832) Importer(815301076,1909f56bfc062723c751e8b465ee728b)  -> (artifact id: '070c8cc01e4ad75db4e353f1cb4e325e') in 0.007702 seconds 
  Import took 0.011543 seconds .

========================================================================
Received Import Request.
  Time since last request: 39.559024 seconds.
  path: Assets/Penguin/Scripts/PenguinAgent.cs
  artifactKey: Guid(d1a9771b79ab3684ea02db54d2277832) Importer(815301076,1909f56bfc062723c751e8b465ee728b)
Start importing Assets/Penguin/Scripts/PenguinAgent.cs using Guid(d1a9771b79ab3684ea02db54d2277832) Importer(815301076,1909f56bfc062723c751e8b465ee728b)  -> (artifact id: 'd1da870b7b31953da629f572ad5a4156') in 0.003918 seconds 
  Import took 0.007211 seconds .

========================================================================
Received Import Request.
  Time since last request: 119.665800 seconds.
  path: Assets/Penguin/Scripts/PenguinAgent.cs
  artifactKey: Guid(d1a9771b79ab3684ea02db54d2277832) Importer(815301076,1909f56bfc062723c751e8b465ee728b)
Start importing Assets/Penguin/Scripts/PenguinAgent.cs using Guid(d1a9771b79ab3684ea02db54d2277832) Importer(815301076,1909f56bfc062723c751e8b465ee728b)  -> (artifact id: 'd5487f2d51be0bb9cb4802b1b08a0a59') in 0.003490 seconds 
  Import took 0.007537 seconds .

========================================================================
Received Import Request.
  Time since last request: 63.027229 seconds.
  path: Assets/Penguin/Scripts/PenguinAgent.cs
  artifactKey: Guid(d1a9771b79ab3684ea02db54d2277832) Importer(815301076,1909f56bfc062723c751e8b465ee728b)
Start importing Assets/Penguin/Scripts/PenguinAgent.cs using Guid(d1a9771b79ab3684ea02db54d2277832) Importer(815301076,1909f56bfc062723c751e8b465ee728b)  -> (artifact id: '09459fc039c359c5ec9a40c792b97305') in 0.003320 seconds 
  Import took 0.006947 seconds .

========================================================================
Received Import Request.
  Time since last request: 790.134862 seconds.
  path: Assets/Penguin/Scripts/PenguinAgent.cs
  artifactKey: Guid(d1a9771b79ab3684ea02db54d2277832) Importer(815301076,1909f56bfc062723c751e8b465ee728b)
Start importing Assets/Penguin/Scripts/PenguinAgent.cs using Guid(d1a9771b79ab3684ea02db54d2277832) Importer(815301076,1909f56bfc062723c751e8b465ee728b)  -> (artifact id: '2a74e2d034783e8f3e754c6bc2462f9f') in 0.003797 seconds 
  Import took 0.007813 seconds .

========================================================================
Received Import Request.
  Time since last request: 192.803375 seconds.
  path: Assets/Penguin/Scripts/PenguinAgent.cs
  artifactKey: Guid(d1a9771b79ab3684ea02db54d2277832) Importer(815301076,1909f56bfc062723c751e8b465ee728b)
Start importing Assets/Penguin/Scripts/PenguinAgent.cs using Guid(d1a9771b79ab3684ea02db54d2277832) Importer(815301076,1909f56bfc062723c751e8b465ee728b)  -> (artifact id: '832d45940b6a2e0a006385f067ddc83e') in 0.002950 seconds 
  Import took 0.006712 seconds .

========================================================================
Received Import Request.
  Time since last request: 390.808389 seconds.
  path: Assets/Penguin/Scripts/PenguinAgent.cs
  artifactKey: Guid(d1a9771b79ab3684ea02db54d2277832) Importer(815301076,1909f56bfc062723c751e8b465ee728b)
Start importing Assets/Penguin/Scripts/PenguinAgent.cs using Guid(d1a9771b79ab3684ea02db54d2277832) Importer(815301076,1909f56bfc062723c751e8b465ee728b)  -> (artifact id: 'de14edd4b7e976737f05beb203b637d4') in 0.003466 seconds 
  Import took 0.006616 seconds .

========================================================================
Received Import Request.
  Time since last request: 87.728292 seconds.
  path: Assets/Penguin/Scripts/PenguinAgent.cs
  artifactKey: Guid(d1a9771b79ab3684ea02db54d2277832) Importer(815301076,1909f56bfc062723c751e8b465ee728b)
Start importing Assets/Penguin/Scripts/PenguinAgent.cs using Guid(d1a9771b79ab3684ea02db54d2277832) Importer(815301076,1909f56bfc062723c751e8b465ee728b)  -> (artifact id: '5f54cf0d28e20db85156c7dbe493df47') in 0.003028 seconds 
  Import took 0.007010 seconds .

========================================================================
Received Import Request.
  Time since last request: 214.727764 seconds.
  path: Assets/Penguin/Scripts/PenguinAgent.cs
  artifactKey: Guid(d1a9771b79ab3684ea02db54d2277832) Importer(815301076,1909f56bfc062723c751e8b465ee728b)
Start importing Assets/Penguin/Scripts/PenguinAgent.cs using Guid(d1a9771b79ab3684ea02db54d2277832) Importer(815301076,1909f56bfc062723c751e8b465ee728b)  -> (artifact id: '53614e84b53704aee371d733b1c0195b') in 0.002906 seconds 
  Import took 0.007252 seconds .

========================================================================
Received Import Request.
  Time since last request: 61.141185 seconds.
  path: Assets/Penguin/Scripts/PenguinAgent.cs
  artifactKey: Guid(d1a9771b79ab3684ea02db54d2277832) Importer(815301076,1909f56bfc062723c751e8b465ee728b)
Start importing Assets/Penguin/Scripts/PenguinAgent.cs using Guid(d1a9771b79ab3684ea02db54d2277832) Importer(815301076,1909f56bfc062723c751e8b465ee728b)  -> (artifact id: '919e58972659ca594bb01d1c3246df9a') in 0.003131 seconds 
  Import took 0.006234 seconds .

========================================================================
Received Import Request.
  Time since last request: 47.279365 seconds.
  path: Assets/Penguin/Scripts/PenguinAgent.cs
  artifactKey: Guid(d1a9771b79ab3684ea02db54d2277832) Importer(815301076,1909f56bfc062723c751e8b465ee728b)
Start importing Assets/Penguin/Scripts/PenguinAgent.cs using Guid(d1a9771b79ab3684ea02db54d2277832) Importer(815301076,1909f56bfc062723c751e8b465ee728b)  -> (artifact id: '6093db246cff2adcae06f11569fa3fdc') in 0.003236 seconds 
  Import took 0.006755 seconds .

========================================================================
Received Import Request.
  Time since last request: 120.172108 seconds.
  path: Assets/Penguin/Scripts/PenguinAgent.cs
  artifactKey: Guid(d1a9771b79ab3684ea02db54d2277832) Importer(815301076,1909f56bfc062723c751e8b465ee728b)
Start importing Assets/Penguin/Scripts/PenguinAgent.cs using Guid(d1a9771b79ab3684ea02db54d2277832) Importer(815301076,1909f56bfc062723c751e8b465ee728b)  -> (artifact id: '137773a1375fdb9f7c7596c3368c12bb') in 0.003180 seconds 
  Import took 0.006653 seconds .

========================================================================
Received Import Request.
  Time since last request: 14.599506 seconds.
  path: Assets/Penguin/Scripts/PenguinAgent.cs
  artifactKey: Guid(d1a9771b79ab3684ea02db54d2277832) Importer(815301076,1909f56bfc062723c751e8b465ee728b)
Start importing Assets/Penguin/Scripts/PenguinAgent.cs using Guid(d1a9771b79ab3684ea02db54d2277832) Importer(815301076,1909f56bfc062723c751e8b465ee728b)  -> (artifact id: '87a67a76a51fac0f98a369562e9614d0') in 0.003162 seconds 
  Import took 0.006906 seconds .

========================================================================
Received Import Request.
  Time since last request: 70.894549 seconds.
  path: Assets/Penguin/Scripts/PenguinAgent.cs
  artifactKey: Guid(d1a9771b79ab3684ea02db54d2277832) Importer(815301076,1909f56bfc062723c751e8b465ee728b)
Start importing Assets/Penguin/Scripts/PenguinAgent.cs using Guid(d1a9771b79ab3684ea02db54d2277832) Importer(815301076,1909f56bfc062723c751e8b465ee728b)  -> (artifact id: '10628e82b318904d1e6fab20b49d9355') in 0.002804 seconds 
  Import took 0.006020 seconds .

========================================================================
Received Import Request.
  Time since last request: 29.327240 seconds.
  path: Assets/Penguin/Scripts/PenguinAgent.cs
  artifactKey: Guid(d1a9771b79ab3684ea02db54d2277832) Importer(815301076,1909f56bfc062723c751e8b465ee728b)
Start importing Assets/Penguin/Scripts/PenguinAgent.cs using Guid(d1a9771b79ab3684ea02db54d2277832) Importer(815301076,1909f56bfc062723c751e8b465ee728b)  -> (artifact id: '360ec5cd084185137019a1a288bfd7d1') in 0.003346 seconds 
  Import took 0.006873 seconds .

========================================================================
Received Import Request.
  Time since last request: 28.938014 seconds.
  path: Assets/Penguin/Scripts/PenguinAgent.cs
  artifactKey: Guid(d1a9771b79ab3684ea02db54d2277832) Importer(815301076,1909f56bfc062723c751e8b465ee728b)
Start importing Assets/Penguin/Scripts/PenguinAgent.cs using Guid(d1a9771b79ab3684ea02db54d2277832) Importer(815301076,1909f56bfc062723c751e8b465ee728b)  -> (artifact id: 'd1a9df11c8b6f833eb9f2caa7019a64a') in 0.001851 seconds 
  Import took 0.004670 seconds .

========================================================================
Received Import Request.
  Time since last request: 255.489295 seconds.
  path: Assets/Penguin/Scripts/PenguinAgent.cs
  artifactKey: Guid(d1a9771b79ab3684ea02db54d2277832) Importer(815301076,1909f56bfc062723c751e8b465ee728b)
Start importing Assets/Penguin/Scripts/PenguinAgent.cs using Guid(d1a9771b79ab3684ea02db54d2277832) Importer(815301076,1909f56bfc062723c751e8b465ee728b)  -> (artifact id: 'e43105f9595e0324120c3043a9bf4aef') in 0.003542 seconds 
  Import took 0.007188 seconds .

========================================================================
Received Import Request.
  Time since last request: 13.088969 seconds.
  path: Assets/Penguin/Scripts/PenguinAgent.cs
  artifactKey: Guid(d1a9771b79ab3684ea02db54d2277832) Importer(815301076,1909f56bfc062723c751e8b465ee728b)
Start importing Assets/Penguin/Scripts/PenguinAgent.cs using Guid(d1a9771b79ab3684ea02db54d2277832) Importer(815301076,1909f56bfc062723c751e8b465ee728b)  -> (artifact id: '2df0fefd0b0a99085e0afeb2676ceab3') in 0.003198 seconds 
  Import took 0.006163 seconds .

========================================================================
Received Import Request.
  Time since last request: 18.627023 seconds.
  path: Assets/Penguin/Scripts/PenguinAgent.cs
  artifactKey: Guid(d1a9771b79ab3684ea02db54d2277832) Importer(815301076,1909f56bfc062723c751e8b465ee728b)
Start importing Assets/Penguin/Scripts/PenguinAgent.cs using Guid(d1a9771b79ab3684ea02db54d2277832) Importer(815301076,1909f56bfc062723c751e8b465ee728b)  -> (artifact id: '298c77330068c9d3c0a0e91699a90021') in 0.002934 seconds 
  Import took 0.005975 seconds .

========================================================================
Received Import Request.
  Time since last request: 20.344445 seconds.
  path: Assets/Penguin/Scripts/PenguinAgent.cs
  artifactKey: Guid(d1a9771b79ab3684ea02db54d2277832) Importer(815301076,1909f56bfc062723c751e8b465ee728b)
Start importing Assets/Penguin/Scripts/PenguinAgent.cs using Guid(d1a9771b79ab3684ea02db54d2277832) Importer(815301076,1909f56bfc062723c751e8b465ee728b)  -> (artifact id: 'b08e8b227f6eecf9f2cd7f08f3d0328a') in 0.003064 seconds 
  Import took 0.006490 seconds .

========================================================================
Received Import Request.
  Time since last request: 542.569793 seconds.
  path: Assets/Penguin/Scripts/PenguinAgent.cs
  artifactKey: Guid(d1a9771b79ab3684ea02db54d2277832) Importer(815301076,1909f56bfc062723c751e8b465ee728b)
Start importing Assets/Penguin/Scripts/PenguinAgent.cs using Guid(d1a9771b79ab3684ea02db54d2277832) Importer(815301076,1909f56bfc062723c751e8b465ee728b)  -> (artifact id: '88f7885e5b2143744b6347a201fd5132') in 0.003171 seconds 
  Import took 0.006706 seconds .

========================================================================
Received Import Request.
  Time since last request: 117.397981 seconds.
  path: Assets/Penguin/Scripts/PenguinAgent.cs
  artifactKey: Guid(d1a9771b79ab3684ea02db54d2277832) Importer(815301076,1909f56bfc062723c751e8b465ee728b)
Start importing Assets/Penguin/Scripts/PenguinAgent.cs using Guid(d1a9771b79ab3684ea02db54d2277832) Importer(815301076,1909f56bfc062723c751e8b465ee728b)  -> (artifact id: '67e89a9dc886a3c48493102df85b9dc4') in 0.001804 seconds 
  Import took 0.004853 seconds .

========================================================================
Received Prepare
Registering precompiled user dll's ...
Registered in 0.010343 seconds.
Begin MonoManager ReloadAssembly
Native extension for WindowsStandalone target not found
Refreshing native plugins compatible for Editor in 0.51 ms, found 3 plugins.
Preloading 0 native plugins for Editor in 0.00 ms.
Mono: successfully reloaded assembly
- Completed reload, in  0.821 seconds
Domain Reload Profiling:
	ReloadAssembly (821ms)
		BeginReloadAssembly (104ms)
			ExecutionOrderSort (0ms)
			DisableScriptedObjects (4ms)
			BackupInstance (0ms)
			ReleaseScriptingObjects (0ms)
			CreateAndSetChildDomain (44ms)
		EndReloadAssembly (674ms)
			LoadAssemblies (75ms)
			RebuildTransferFunctionScriptingTraits (0ms)
			SetupTypeCache (219ms)
			ReleaseScriptCaches (1ms)
			RebuildScriptCaches (25ms)
			SetupLoadedEditorAssemblies (277ms)
				LogAssemblyErrors (0ms)
				InitializePlatformSupportModulesInManaged (3ms)
				SetLoadedEditorAssemblies (0ms)
				RefreshPlugins (1ms)
				BeforeProcessingInitializeOnLoad (56ms)
				ProcessInitializeOnLoadAttributes (207ms)
				ProcessInitializeOnLoadMethodAttributes (6ms)
				AfterProcessingInitializeOnLoad (4ms)
				EditorAssembliesLoaded (0ms)
			ExecutionOrderSort2 (0ms)
			AwakeInstancesAfterBackupRestoration (4ms)
Platform modules already initialized, skipping
Refreshing native plugins compatible for Editor in 0.57 ms, found 3 plugins.
Preloading 0 native plugins for Editor in 0.00 ms.
Unloading 2132 Unused Serialized files (Serialized files now loaded: 0)
System memory in use before: 100.8 MB.
System memory in use after: 100.9 MB.

Unloading 31 unused Assets to reduce memory usage. Loaded Objects now: 2598.
Total: 2.626500 ms (FindLiveObjects: 0.162600 ms CreateObjectMapping: 0.043700 ms MarkObjects: 2.401100 ms  DeleteObjects: 0.018300 ms)

AssetImportParameters requested are different than current active one (requested -> active):
  custom:framework-win-MediaFoundation: 216162199b28c13a410421893ffa2e32 -> 
  custom:video-decoder-ogg-theora: a1e56fd34408186e4bbccfd4996cb3dc -> 
  custom:container-muxer-webm: aa71ff27fc2769a1b78a27578f13a17b -> 
  custom:container-demuxer-webm: 4f35f7cbe854078d1ac9338744f61a02 -> 
  custom:container-demuxer-ogg: 62fdf1f143b41e24485cea50d1cbac27 -> 
  custom:video-encoder-webm-vp8: eb34c28f22e8b96e1ab97ce403110664 -> 
  custom:video-decoder-webm-vp8: 9c59270c3fd7afecdb556c50c9e8de78 -> 
  custom:audio-decoder-ogg-vorbis: bf7c407c2cedff20999df2af8eb42d56 -> 
  custom:audio-encoder-webm-vorbis: bf7c407c2cedff20999df2af8eb42d56 -> 
========================================================================
Received Import Request.
  Time since last request: 523.091708 seconds.
  path: ProjectSettings/TagManager.asset
  artifactKey: Guid(00000000000000003000000000000000) Importer(815301076,1909f56bfc062723c751e8b465ee728b)
Start importing ProjectSettings/TagManager.asset using Guid(00000000000000003000000000000000) Importer(815301076,1909f56bfc062723c751e8b465ee728b)  -> (artifact id: 'ce6a35c3cddc746e7501c0bd0ed6d4ce') in 0.026650 seconds 
  Import took 0.030107 seconds .

========================================================================
Received Import Request.
  Time since last request: 1862.808622 seconds.
  path: Assets/Penguin/Materials
  artifactKey: Guid(3215761be0965d64496f1e7cff63feb8) Importer(815301076,1909f56bfc062723c751e8b465ee728b)
Start importing Assets/Penguin/Materials using Guid(3215761be0965d64496f1e7cff63feb8) Importer(815301076,1909f56bfc062723c751e8b465ee728b)  -> (artifact id: 'c1f01b18b181587c76f24d6f8fe54a76') in 0.006613 seconds 
  Import took 0.009915 seconds .

========================================================================
Received Prepare
Registering precompiled user dll's ...
Registered in 0.008525 seconds.
Begin MonoManager ReloadAssembly
Native extension for WindowsStandalone target not found
Refreshing native plugins compatible for Editor in 0.53 ms, found 3 plugins.
Preloading 0 native plugins for Editor in 0.00 ms.
Mono: successfully reloaded assembly
- Completed reload, in  0.863 seconds
Domain Reload Profiling:
	ReloadAssembly (863ms)
		BeginReloadAssembly (108ms)
			ExecutionOrderSort (0ms)
			DisableScriptedObjects (5ms)
			BackupInstance (0ms)
			ReleaseScriptingObjects (0ms)
			CreateAndSetChildDomain (45ms)
		EndReloadAssembly (709ms)
			LoadAssemblies (81ms)
			RebuildTransferFunctionScriptingTraits (0ms)
			SetupTypeCache (247ms)
			ReleaseScriptCaches (1ms)
			RebuildScriptCaches (26ms)
			SetupLoadedEditorAssemblies (290ms)
				LogAssemblyErrors (0ms)
				InitializePlatformSupportModulesInManaged (3ms)
				SetLoadedEditorAssemblies (0ms)
				RefreshPlugins (1ms)
				BeforeProcessingInitializeOnLoad (59ms)
				ProcessInitializeOnLoadAttributes (217ms)
				ProcessInitializeOnLoadMethodAttributes (6ms)
				AfterProcessingInitializeOnLoad (4ms)
				EditorAssembliesLoaded (0ms)
			ExecutionOrderSort2 (0ms)
			AwakeInstancesAfterBackupRestoration (4ms)
Platform modules already initialized, skipping
Refreshing native plugins compatible for Editor in 0.53 ms, found 3 plugins.
Preloading 0 native plugins for Editor in 0.00 ms.
Unloading 2179 Unused Serialized files (Serialized files now loaded: 0)
System memory in use before: 103.9 MB.
System memory in use after: 103.4 MB.

Unloading 45 unused Assets to reduce memory usage. Loaded Objects now: 2635.
Total: 3.915500 ms (FindLiveObjects: 0.243200 ms CreateObjectMapping: 0.063100 ms MarkObjects: 3.282200 ms  DeleteObjects: 0.325800 ms)

AssetImportParameters requested are different than current active one (requested -> active):
  custom:framework-win-MediaFoundation: 216162199b28c13a410421893ffa2e32 -> 
  custom:video-decoder-ogg-theora: a1e56fd34408186e4bbccfd4996cb3dc -> 
  custom:container-muxer-webm: aa71ff27fc2769a1b78a27578f13a17b -> 
  custom:container-demuxer-webm: 4f35f7cbe854078d1ac9338744f61a02 -> 
  custom:container-demuxer-ogg: 62fdf1f143b41e24485cea50d1cbac27 -> 
  custom:video-encoder-webm-vp8: eb34c28f22e8b96e1ab97ce403110664 -> 
  custom:video-decoder-webm-vp8: 9c59270c3fd7afecdb556c50c9e8de78 -> 
  custom:audio-decoder-ogg-vorbis: bf7c407c2cedff20999df2af8eb42d56 -> 
  custom:audio-encoder-webm-vorbis: bf7c407c2cedff20999df2af8eb42d56 -> 
========================================================================
Received Prepare
Registering precompiled user dll's ...
Registered in 0.006867 seconds.
Begin MonoManager ReloadAssembly
Native extension for WindowsStandalone target not found
Refreshing native plugins compatible for Editor in 0.53 ms, found 3 plugins.
Preloading 0 native plugins for Editor in 0.00 ms.
Mono: successfully reloaded assembly
- Completed reload, in  0.869 seconds
Domain Reload Profiling:
	ReloadAssembly (870ms)
		BeginReloadAssembly (94ms)
			ExecutionOrderSort (0ms)
			DisableScriptedObjects (5ms)
			BackupInstance (0ms)
			ReleaseScriptingObjects (0ms)
			CreateAndSetChildDomain (33ms)
		EndReloadAssembly (734ms)
			LoadAssemblies (124ms)
			RebuildTransferFunctionScriptingTraits (0ms)
			SetupTypeCache (213ms)
			ReleaseScriptCaches (1ms)
			RebuildScriptCaches (24ms)
			SetupLoadedEditorAssemblies (312ms)
				LogAssemblyErrors (0ms)
				InitializePlatformSupportModulesInManaged (3ms)
				SetLoadedEditorAssemblies (0ms)
				RefreshPlugins (1ms)
				BeforeProcessingInitializeOnLoad (55ms)
				ProcessInitializeOnLoadAttributes (243ms)
				ProcessInitializeOnLoadMethodAttributes (6ms)
				AfterProcessingInitializeOnLoad (4ms)
				EditorAssembliesLoaded (0ms)
			ExecutionOrderSort2 (0ms)
			AwakeInstancesAfterBackupRestoration (5ms)
Platform modules already initialized, skipping
Refreshing native plugins compatible for Editor in 0.54 ms, found 3 plugins.
Preloading 0 native plugins for Editor in 0.00 ms.
Unloading 2179 Unused Serialized files (Serialized files now loaded: 0)
System memory in use before: 103.9 MB.
System memory in use after: 103.4 MB.

Unloading 44 unused Assets to reduce memory usage. Loaded Objects now: 2638.
Total: 3.021600 ms (FindLiveObjects: 0.201600 ms CreateObjectMapping: 0.055900 ms MarkObjects: 2.484700 ms  DeleteObjects: 0.277900 ms)

AssetImportParameters requested are different than current active one (requested -> active):
  custom:framework-win-MediaFoundation: 216162199b28c13a410421893ffa2e32 -> 
  custom:video-decoder-ogg-theora: a1e56fd34408186e4bbccfd4996cb3dc -> 
  custom:container-muxer-webm: aa71ff27fc2769a1b78a27578f13a17b -> 
  custom:container-demuxer-webm: 4f35f7cbe854078d1ac9338744f61a02 -> 
  custom:container-demuxer-ogg: 62fdf1f143b41e24485cea50d1cbac27 -> 
  custom:video-encoder-webm-vp8: eb34c28f22e8b96e1ab97ce403110664 -> 
  custom:video-decoder-webm-vp8: 9c59270c3fd7afecdb556c50c9e8de78 -> 
  custom:audio-decoder-ogg-vorbis: bf7c407c2cedff20999df2af8eb42d56 -> 
  custom:audio-encoder-webm-vorbis: bf7c407c2cedff20999df2af8eb42d56 -> 
========================================================================
Received Prepare
Registering precompiled user dll's ...
Registered in 0.007307 seconds.
Begin MonoManager ReloadAssembly
Native extension for WindowsStandalone target not found
Refreshing native plugins compatible for Editor in 0.52 ms, found 3 plugins.
Preloading 0 native plugins for Editor in 0.00 ms.
Mono: successfully reloaded assembly
- Completed reload, in  0.831 seconds
Domain Reload Profiling:
	ReloadAssembly (831ms)
		BeginReloadAssembly (94ms)
			ExecutionOrderSort (0ms)
			DisableScriptedObjects (4ms)
			BackupInstance (0ms)
			ReleaseScriptingObjects (0ms)
			CreateAndSetChildDomain (32ms)
		EndReloadAssembly (693ms)
			LoadAssemblies (78ms)
			RebuildTransferFunctionScriptingTraits (0ms)
			SetupTypeCache (229ms)
			ReleaseScriptCaches (1ms)
			RebuildScriptCaches (24ms)
			SetupLoadedEditorAssemblies (295ms)
				LogAssemblyErrors (0ms)
				InitializePlatformSupportModulesInManaged (3ms)
				SetLoadedEditorAssemblies (0ms)
				RefreshPlugins (1ms)
				BeforeProcessingInitializeOnLoad (56ms)
				ProcessInitializeOnLoadAttributes (226ms)
				ProcessInitializeOnLoadMethodAttributes (6ms)
				AfterProcessingInitializeOnLoad (4ms)
				EditorAssembliesLoaded (0ms)
			ExecutionOrderSort2 (0ms)
			AwakeInstancesAfterBackupRestoration (5ms)
Platform modules already initialized, skipping
Refreshing native plugins compatible for Editor in 0.56 ms, found 3 plugins.
Preloading 0 native plugins for Editor in 0.00 ms.
Unloading 2179 Unused Serialized files (Serialized files now loaded: 0)
System memory in use before: 104.0 MB.
System memory in use after: 103.4 MB.

Unloading 44 unused Assets to reduce memory usage. Loaded Objects now: 2641.
Total: 2.895200 ms (FindLiveObjects: 0.171600 ms CreateObjectMapping: 0.056200 ms MarkObjects: 2.387000 ms  DeleteObjects: 0.279400 ms)

AssetImportParameters requested are different than current active one (requested -> active):
  custom:framework-win-MediaFoundation: 216162199b28c13a410421893ffa2e32 -> 
  custom:video-decoder-ogg-theora: a1e56fd34408186e4bbccfd4996cb3dc -> 
  custom:container-muxer-webm: aa71ff27fc2769a1b78a27578f13a17b -> 
  custom:container-demuxer-webm: 4f35f7cbe854078d1ac9338744f61a02 -> 
  custom:container-demuxer-ogg: 62fdf1f143b41e24485cea50d1cbac27 -> 
  custom:video-encoder-webm-vp8: eb34c28f22e8b96e1ab97ce403110664 -> 
  custom:video-decoder-webm-vp8: 9c59270c3fd7afecdb556c50c9e8de78 -> 
  custom:audio-decoder-ogg-vorbis: bf7c407c2cedff20999df2af8eb42d56 -> 
  custom:audio-encoder-webm-vorbis: bf7c407c2cedff20999df2af8eb42d56 -> 
========================================================================
Received Prepare
Registering precompiled user dll's ...
Registered in 0.007209 seconds.
Begin MonoManager ReloadAssembly
Native extension for WindowsStandalone target not found
Refreshing native plugins compatible for Editor in 0.53 ms, found 3 plugins.
Preloading 0 native plugins for Editor in 0.00 ms.
Mono: successfully reloaded assembly
- Completed reload, in  0.866 seconds
Domain Reload Profiling:
	ReloadAssembly (867ms)
		BeginReloadAssembly (87ms)
			ExecutionOrderSort (0ms)
			DisableScriptedObjects (3ms)
			BackupInstance (0ms)
			ReleaseScriptingObjects (0ms)
			CreateAndSetChildDomain (29ms)
		EndReloadAssembly (734ms)
			LoadAssemblies (128ms)
			RebuildTransferFunctionScriptingTraits (0ms)
			SetupTypeCache (223ms)
			ReleaseScriptCaches (1ms)
			RebuildScriptCaches (25ms)
			SetupLoadedEditorAssemblies (295ms)
				LogAssemblyErrors (0ms)
				InitializePlatformSupportModulesInManaged (3ms)
				SetLoadedEditorAssemblies (0ms)
				RefreshPlugins (1ms)
				BeforeProcessingInitializeOnLoad (66ms)
				ProcessInitializeOnLoadAttributes (215ms)
				ProcessInitializeOnLoadMethodAttributes (6ms)
				AfterProcessingInitializeOnLoad (4ms)
				EditorAssembliesLoaded (0ms)
			ExecutionOrderSort2 (0ms)
			AwakeInstancesAfterBackupRestoration (5ms)
Platform modules already initialized, skipping
Refreshing native plugins compatible for Editor in 0.53 ms, found 3 plugins.
Preloading 0 native plugins for Editor in 0.00 ms.
Unloading 2179 Unused Serialized files (Serialized files now loaded: 0)
System memory in use before: 104.0 MB.
System memory in use after: 103.4 MB.

Unloading 44 unused Assets to reduce memory usage. Loaded Objects now: 2644.
Total: 2.944000 ms (FindLiveObjects: 0.205700 ms CreateObjectMapping: 0.054600 ms MarkObjects: 2.406700 ms  DeleteObjects: 0.276200 ms)

AssetImportParameters requested are different than current active one (requested -> active):
  custom:framework-win-MediaFoundation: 216162199b28c13a410421893ffa2e32 -> 
  custom:video-decoder-ogg-theora: a1e56fd34408186e4bbccfd4996cb3dc -> 
  custom:container-muxer-webm: aa71ff27fc2769a1b78a27578f13a17b -> 
  custom:container-demuxer-webm: 4f35f7cbe854078d1ac9338744f61a02 -> 
  custom:container-demuxer-ogg: 62fdf1f143b41e24485cea50d1cbac27 -> 
  custom:video-encoder-webm-vp8: eb34c28f22e8b96e1ab97ce403110664 -> 
  custom:video-decoder-webm-vp8: 9c59270c3fd7afecdb556c50c9e8de78 -> 
  custom:audio-decoder-ogg-vorbis: bf7c407c2cedff20999df2af8eb42d56 -> 
  custom:audio-encoder-webm-vorbis: bf7c407c2cedff20999df2af8eb42d56 -> 
========================================================================
Received Prepare
Registering precompiled user dll's ...
Registered in 0.006773 seconds.
Begin MonoManager ReloadAssembly
Native extension for WindowsStandalone target not found
Refreshing native plugins compatible for Editor in 0.53 ms, found 3 plugins.
Preloading 0 native plugins for Editor in 0.00 ms.
Mono: successfully reloaded assembly
- Completed reload, in  0.821 seconds
Domain Reload Profiling:
	ReloadAssembly (821ms)
		BeginReloadAssembly (95ms)
			ExecutionOrderSort (0ms)
			DisableScriptedObjects (3ms)
			BackupInstance (0ms)
			ReleaseScriptingObjects (0ms)
			CreateAndSetChildDomain (33ms)
		EndReloadAssembly (676ms)
			LoadAssemblies (82ms)
			RebuildTransferFunctionScriptingTraits (0ms)
			SetupTypeCache (214ms)
			ReleaseScriptCaches (1ms)
			RebuildScriptCaches (26ms)
			SetupLoadedEditorAssemblies (292ms)
				LogAssemblyErrors (0ms)
				InitializePlatformSupportModulesInManaged (3ms)
				SetLoadedEditorAssemblies (0ms)
				RefreshPlugins (1ms)
				BeforeProcessingInitializeOnLoad (59ms)
				ProcessInitializeOnLoadAttributes (220ms)
				ProcessInitializeOnLoadMethodAttributes (6ms)
				AfterProcessingInitializeOnLoad (4ms)
				EditorAssembliesLoaded (0ms)
			ExecutionOrderSort2 (0ms)
			AwakeInstancesAfterBackupRestoration (5ms)
Platform modules already initialized, skipping
Refreshing native plugins compatible for Editor in 0.52 ms, found 3 plugins.
Preloading 0 native plugins for Editor in 0.00 ms.
Unloading 2179 Unused Serialized files (Serialized files now loaded: 0)
System memory in use before: 104.0 MB.
System memory in use after: 103.4 MB.

Unloading 44 unused Assets to reduce memory usage. Loaded Objects now: 2647.
Total: 2.978700 ms (FindLiveObjects: 0.148500 ms CreateObjectMapping: 0.055400 ms MarkObjects: 2.495000 ms  DeleteObjects: 0.278400 ms)

AssetImportParameters requested are different than current active one (requested -> active):
  custom:framework-win-MediaFoundation: 216162199b28c13a410421893ffa2e32 -> 
  custom:video-decoder-ogg-theora: a1e56fd34408186e4bbccfd4996cb3dc -> 
  custom:container-muxer-webm: aa71ff27fc2769a1b78a27578f13a17b -> 
  custom:container-demuxer-webm: 4f35f7cbe854078d1ac9338744f61a02 -> 
  custom:container-demuxer-ogg: 62fdf1f143b41e24485cea50d1cbac27 -> 
  custom:video-encoder-webm-vp8: eb34c28f22e8b96e1ab97ce403110664 -> 
  custom:video-decoder-webm-vp8: 9c59270c3fd7afecdb556c50c9e8de78 -> 
  custom:audio-decoder-ogg-vorbis: bf7c407c2cedff20999df2af8eb42d56 -> 
  custom:audio-encoder-webm-vorbis: bf7c407c2cedff20999df2af8eb42d56 -> 
========================================================================
Received Prepare
Registering precompiled user dll's ...
Registered in 0.006955 seconds.
Begin MonoManager ReloadAssembly
Native extension for WindowsStandalone target not found
Refreshing native plugins compatible for Editor in 0.53 ms, found 3 plugins.
Preloading 0 native plugins for Editor in 0.00 ms.
Mono: successfully reloaded assembly
- Completed reload, in  0.803 seconds
Domain Reload Profiling:
	ReloadAssembly (803ms)
		BeginReloadAssembly (91ms)
			ExecutionOrderSort (0ms)
			DisableScriptedObjects (3ms)
			BackupInstance (0ms)
			ReleaseScriptingObjects (0ms)
			CreateAndSetChildDomain (33ms)
		EndReloadAssembly (670ms)
			LoadAssemblies (74ms)
			RebuildTransferFunctionScriptingTraits (0ms)
			SetupTypeCache (222ms)
			ReleaseScriptCaches (1ms)
			RebuildScriptCaches (25ms)
			SetupLoadedEditorAssemblies (285ms)
				LogAssemblyErrors (0ms)
				InitializePlatformSupportModulesInManaged (3ms)
				SetLoadedEditorAssemblies (0ms)
				RefreshPlugins (1ms)
				BeforeProcessingInitializeOnLoad (56ms)
				ProcessInitializeOnLoadAttributes (214ms)
				ProcessInitializeOnLoadMethodAttributes (6ms)
				AfterProcessingInitializeOnLoad (4ms)
				EditorAssembliesLoaded (0ms)
			ExecutionOrderSort2 (0ms)
			AwakeInstancesAfterBackupRestoration (5ms)
Platform modules already initialized, skipping
Refreshing native plugins compatible for Editor in 0.63 ms, found 3 plugins.
Preloading 0 native plugins for Editor in 0.00 ms.
Unloading 2179 Unused Serialized files (Serialized files now loaded: 0)
System memory in use before: 104.0 MB.
System memory in use after: 103.4 MB.

Unloading 44 unused Assets to reduce memory usage. Loaded Objects now: 2650.
Total: 3.246800 ms (FindLiveObjects: 0.199000 ms CreateObjectMapping: 0.089100 ms MarkObjects: 2.673700 ms  DeleteObjects: 0.283400 ms)

AssetImportParameters requested are different than current active one (requested -> active):
  custom:framework-win-MediaFoundation: 216162199b28c13a410421893ffa2e32 -> 
  custom:video-decoder-ogg-theora: a1e56fd34408186e4bbccfd4996cb3dc -> 
  custom:container-muxer-webm: aa71ff27fc2769a1b78a27578f13a17b -> 
  custom:container-demuxer-webm: 4f35f7cbe854078d1ac9338744f61a02 -> 
  custom:container-demuxer-ogg: 62fdf1f143b41e24485cea50d1cbac27 -> 
  custom:video-encoder-webm-vp8: eb34c28f22e8b96e1ab97ce403110664 -> 
  custom:video-decoder-webm-vp8: 9c59270c3fd7afecdb556c50c9e8de78 -> 
  custom:audio-decoder-ogg-vorbis: bf7c407c2cedff20999df2af8eb42d56 -> 
  custom:audio-encoder-webm-vorbis: bf7c407c2cedff20999df2af8eb42d56 -> 
========================================================================
Received Import Request.
  Time since last request: 1288.616147 seconds.
  path: Assets/Penguin/Prefabs/Fish.prefab
  artifactKey: Guid(5be5b4f1fab61de4db45fb3ab7c939b9) Importer(815301076,1909f56bfc062723c751e8b465ee728b)
Start importing Assets/Penguin/Prefabs/Fish.prefab using Guid(5be5b4f1fab61de4db45fb3ab7c939b9) Importer(815301076,1909f56bfc062723c751e8b465ee728b)  -> (artifact id: 'c48e24d50e94f697541b3645822fb135') in 0.073723 seconds 
  Import took 0.076879 seconds .

========================================================================
Received Prepare
Registering precompiled user dll's ...
Registered in 0.007166 seconds.
Begin MonoManager ReloadAssembly
Native extension for WindowsStandalone target not found
Refreshing native plugins compatible for Editor in 0.56 ms, found 3 plugins.
Preloading 0 native plugins for Editor in 0.00 ms.
Mono: successfully reloaded assembly
- Completed reload, in  0.785 seconds
Domain Reload Profiling:
	ReloadAssembly (786ms)
		BeginReloadAssembly (87ms)
			ExecutionOrderSort (0ms)
			DisableScriptedObjects (3ms)
			BackupInstance (0ms)
			ReleaseScriptingObjects (0ms)
			CreateAndSetChildDomain (30ms)
		EndReloadAssembly (658ms)
			LoadAssemblies (73ms)
			RebuildTransferFunctionScriptingTraits (0ms)
			SetupTypeCache (210ms)
			ReleaseScriptCaches (1ms)
			RebuildScriptCaches (24ms)
			SetupLoadedEditorAssemblies (286ms)
				LogAssemblyErrors (0ms)
				InitializePlatformSupportModulesInManaged (3ms)
				SetLoadedEditorAssemblies (0ms)
				RefreshPlugins (1ms)
				BeforeProcessingInitializeOnLoad (57ms)
				ProcessInitializeOnLoadAttributes (215ms)
				ProcessInitializeOnLoadMethodAttributes (6ms)
				AfterProcessingInitializeOnLoad (4ms)
				EditorAssembliesLoaded (0ms)
			ExecutionOrderSort2 (0ms)
			AwakeInstancesAfterBackupRestoration (5ms)
Platform modules already initialized, skipping
Refreshing native plugins compatible for Editor in 0.53 ms, found 3 plugins.
Preloading 0 native plugins for Editor in 0.00 ms.
Unloading 2179 Unused Serialized files (Serialized files now loaded: 0)
System memory in use before: 107.0 MB.
System memory in use after: 106.4 MB.

Unloading 44 unused Assets to reduce memory usage. Loaded Objects now: 2660.
Total: 3.034600 ms (FindLiveObjects: 0.150300 ms CreateObjectMapping: 0.066300 ms MarkObjects: 2.575400 ms  DeleteObjects: 0.241800 ms)

AssetImportParameters requested are different than current active one (requested -> active):
  custom:framework-win-MediaFoundation: 216162199b28c13a410421893ffa2e32 -> 
  custom:video-decoder-ogg-theora: a1e56fd34408186e4bbccfd4996cb3dc -> 
  custom:container-muxer-webm: aa71ff27fc2769a1b78a27578f13a17b -> 
  custom:container-demuxer-webm: 4f35f7cbe854078d1ac9338744f61a02 -> 
  custom:container-demuxer-ogg: 62fdf1f143b41e24485cea50d1cbac27 -> 
  custom:video-encoder-webm-vp8: eb34c28f22e8b96e1ab97ce403110664 -> 
  custom:video-decoder-webm-vp8: 9c59270c3fd7afecdb556c50c9e8de78 -> 
  custom:audio-decoder-ogg-vorbis: bf7c407c2cedff20999df2af8eb42d56 -> 
  custom:audio-encoder-webm-vorbis: bf7c407c2cedff20999df2af8eb42d56 -> 
AssetImportWorkerClient::OnTransportError - code=2 error=End of file
