Using pre-set license
Built from '2020.3/staging' branch; Version is '2020.3.20f1 (41c4e627c95f) revision 4310246'; Using compiler version '192528614'; Build Type 'Release'
OS: 'Windows 10 Pro; OS build 22000.438; Version 2009; 64bit' Language: 'zh' Physical Memory: 32693 MB
BatchMode: 1, IsHumanControllingUs: 0, StartBugReporterOnCrash: 0, Is64bit: 1, IsPro: 0

COMMAND LINE ARGUMENTS:
D:\unity\2020.3.20f1\Editor\Unity.exe
-adb2
-batchMode
-noUpm
-name
AssetImportWorker0
-projectPath
D:/unity/Unity_Projects/AdvancedGameProgramming_Daniel/3D_Top_Down
-logFile
Logs/AssetImportWorker0.log
-srvPort
60068
Successfully changed project path to: D:/unity/Unity_Projects/AdvancedGameProgramming_Daniel/3D_Top_Down
D:/unity/Unity_Projects/AdvancedGameProgramming_Daniel/3D_Top_Down
Using Asset Import Pipeline V2.
Refreshing native plugins compatible for Editor in 31.98 ms, found 2 plugins.
Preloading 0 native plugins for Editor in 0.00 ms.
Initialize engine version: 2020.3.20f1 (41c4e627c95f)
[Subsystems] Discovering subsystems at path D:/unity/2020.3.20f1/Editor/Data/Resources/UnitySubsystems
[Subsystems] Discovering subsystems at path D:/unity/Unity_Projects/AdvancedGameProgramming_Daniel/3D_Top_Down/Assets
GfxDevice: creating device client; threaded=0
Direct3D:
    Version:  Direct3D 11.0 [level 11.1]
    Renderer: NVIDIA GeForce RTX 3070 (ID=0x2484)
    Vendor:   
    VRAM:     8043 MB
    Driver:   30.0.15.1123
Initialize mono
Mono path[0] = 'D:/unity/2020.3.20f1/Editor/Data/Managed'
Mono path[1] = 'D:/unity/2020.3.20f1/Editor/Data/MonoBleedingEdge/lib/mono/unityjit'
Mono config path = 'D:/unity/2020.3.20f1/Editor/Data/MonoBleedingEdge/etc'
Using monoOptions --debugger-agent=transport=dt_socket,embedding=1,server=y,suspend=n,address=127.0.0.1:56264
Begin MonoManager ReloadAssembly
Registering precompiled unity dll's ...
Register platform support module: D:/unity/2020.3.20f1/Editor/Data/PlaybackEngines/WebGLSupport/UnityEditor.WebGL.Extensions.dll
Register platform support module: D:/unity/2020.3.20f1/Editor/Data/PlaybackEngines/MacStandaloneSupport/UnityEditor.OSXStandalone.Extensions.dll
Register platform support module: D:/unity/2020.3.20f1/Editor/Data/PlaybackEngines/WindowsStandaloneSupport/UnityEditor.WindowsStandalone.Extensions.dll
Registered in 0.000932 seconds.
Native extension for WindowsStandalone target not found
Native extension for OSXStandalone target not found
Native extension for WebGL target not found
Refreshing native plugins compatible for Editor in 35.62 ms, found 2 plugins.
Preloading 0 native plugins for Editor in 0.00 ms.
Mono: successfully reloaded assembly
- Completed reload, in  0.832 seconds
Domain Reload Profiling:
	ReloadAssembly (832ms)
		BeginReloadAssembly (39ms)
			ExecutionOrderSort (0ms)
			DisableScriptedObjects (0ms)
			BackupInstance (0ms)
			ReleaseScriptingObjects (0ms)
			CreateAndSetChildDomain (0ms)
		EndReloadAssembly (281ms)
			LoadAssemblies (39ms)
			RebuildTransferFunctionScriptingTraits (0ms)
			SetupTypeCache (91ms)
			ReleaseScriptCaches (0ms)
			RebuildScriptCaches (18ms)
			SetupLoadedEditorAssemblies (122ms)
				LogAssemblyErrors (0ms)
				InitializePlatformSupportModulesInManaged (4ms)
				SetLoadedEditorAssemblies (0ms)
				RefreshPlugins (36ms)
				BeforeProcessingInitializeOnLoad (11ms)
				ProcessInitializeOnLoadAttributes (53ms)
				ProcessInitializeOnLoadMethodAttributes (18ms)
				AfterProcessingInitializeOnLoad (0ms)
				EditorAssembliesLoaded (0ms)
			ExecutionOrderSort2 (0ms)
			AwakeInstancesAfterBackupRestoration (0ms)
Platform modules already initialized, skipping
Registering precompiled user dll's ...
Registered in 0.001978 seconds.
Begin MonoManager ReloadAssembly
Native extension for WindowsStandalone target not found
Native extension for OSXStandalone target not found
Native extension for WebGL target not found
Refreshing native plugins compatible for Editor in 32.88 ms, found 2 plugins.
Preloading 0 native plugins for Editor in 0.00 ms.
Mono: successfully reloaded assembly
- Completed reload, in  0.702 seconds
Domain Reload Profiling:
	ReloadAssembly (703ms)
		BeginReloadAssembly (94ms)
			ExecutionOrderSort (0ms)
			DisableScriptedObjects (3ms)
			BackupInstance (0ms)
			ReleaseScriptingObjects (0ms)
			CreateAndSetChildDomain (14ms)
		EndReloadAssembly (572ms)
			LoadAssemblies (66ms)
			RebuildTransferFunctionScriptingTraits (0ms)
			SetupTypeCache (183ms)
			ReleaseScriptCaches (1ms)
			RebuildScriptCaches (28ms)
			SetupLoadedEditorAssemblies (229ms)
				LogAssemblyErrors (0ms)
				InitializePlatformSupportModulesInManaged (3ms)
				SetLoadedEditorAssemblies (0ms)
				RefreshPlugins (33ms)
				BeforeProcessingInitializeOnLoad (53ms)
				ProcessInitializeOnLoadAttributes (135ms)
				ProcessInitializeOnLoadMethodAttributes (3ms)
				AfterProcessingInitializeOnLoad (1ms)
				EditorAssembliesLoaded (0ms)
			ExecutionOrderSort2 (0ms)
			AwakeInstancesAfterBackupRestoration (4ms)
Platform modules already initialized, skipping
========================================================================
Worker process is ready to serve import requests
Launched and connected shader compiler UnityShaderCompiler.exe after 0.04 seconds
Refreshing native plugins compatible for Editor in 0.49 ms, found 2 plugins.
Preloading 0 native plugins for Editor in 0.00 ms.
Unloading 2666 Unused Serialized files (Serialized files now loaded: 0)
System memory in use before: 119.2 MB.
System memory in use after: 119.4 MB.

Unloading 17 unused Assets to reduce memory usage. Loaded Objects now: 3104.
Total: 2.935100 ms (FindLiveObjects: 0.270600 ms CreateObjectMapping: 0.067800 ms MarkObjects: 2.523100 ms  DeleteObjects: 0.072900 ms)

AssetImportParameters requested are different than current active one (requested -> active):
  custom:framework-win-MediaFoundation: 216162199b28c13a410421893ffa2e32 -> 
  custom:video-decoder-ogg-theora: a1e56fd34408186e4bbccfd4996cb3dc -> 
  custom:container-muxer-webm: aa71ff27fc2769a1b78a27578f13a17b -> 
  custom:container-demuxer-webm: 4f35f7cbe854078d1ac9338744f61a02 -> 
  custom:container-demuxer-ogg: 62fdf1f143b41e24485cea50d1cbac27 -> 
  custom:video-encoder-webm-vp8: eb34c28f22e8b96e1ab97ce403110664 -> 
  custom:video-codec-MediaFoundation-h265: 746d11721c4dcdbdad8f713fa42b33f4 -> 
  custom:video-decoder-webm-vp8: 9c59270c3fd7afecdb556c50c9e8de78 -> 
  custom:audio-decoder-ogg-vorbis: bf7c407c2cedff20999df2af8eb42d56 -> 
  custom:audio-encoder-webm-vorbis: bf7c407c2cedff20999df2af8eb42d56 -> 
========================================================================
Received Import Request.
  path: Assets/Script/game state
  artifactKey: Guid(d8573d8b3f987284b8fde254a9b40c93) Importer(815301076,1909f56bfc062723c751e8b465ee728b)
Start importing Assets/Script/game state using Guid(d8573d8b3f987284b8fde254a9b40c93) Importer(815301076,1909f56bfc062723c751e8b465ee728b)  -> (artifact id: '803d30fd78bd18cb144dea45c5fcd528') in 0.009011 seconds 
  Import took 0.011904 seconds .

========================================================================
Received Import Request.
  Time since last request: 6.375654 seconds.
  path: Assets/Script/game state/GameStateManager.cs
  artifactKey: Guid(cf6310d1cdd8bc74abb71f25641decd8) Importer(815301076,1909f56bfc062723c751e8b465ee728b)
Start importing Assets/Script/game state/GameStateManager.cs using Guid(cf6310d1cdd8bc74abb71f25641decd8) Importer(815301076,1909f56bfc062723c751e8b465ee728b)  -> (artifact id: 'cf8f4ee252123173e9b8cfa54bc6e498') in 0.025616 seconds 
  Import took 0.029196 seconds .

========================================================================
Received Prepare
Registering precompiled user dll's ...
Registered in 0.001720 seconds.
Begin MonoManager ReloadAssembly
Native extension for WindowsStandalone target not found
Native extension for OSXStandalone target not found
Native extension for WebGL target not found
Refreshing native plugins compatible for Editor in 0.51 ms, found 2 plugins.
Preloading 0 native plugins for Editor in 0.00 ms.
Mono: successfully reloaded assembly
- Completed reload, in  0.665 seconds
Domain Reload Profiling:
	ReloadAssembly (665ms)
		BeginReloadAssembly (99ms)
			ExecutionOrderSort (0ms)
			DisableScriptedObjects (3ms)
			BackupInstance (0ms)
			ReleaseScriptingObjects (0ms)
			CreateAndSetChildDomain (28ms)
		EndReloadAssembly (522ms)
			LoadAssemblies (67ms)
			RebuildTransferFunctionScriptingTraits (0ms)
			SetupTypeCache (190ms)
			ReleaseScriptCaches (1ms)
			RebuildScriptCaches (27ms)
			SetupLoadedEditorAssemblies (191ms)
				LogAssemblyErrors (0ms)
				InitializePlatformSupportModulesInManaged (4ms)
				SetLoadedEditorAssemblies (0ms)
				RefreshPlugins (1ms)
				BeforeProcessingInitializeOnLoad (53ms)
				ProcessInitializeOnLoadAttributes (129ms)
				ProcessInitializeOnLoadMethodAttributes (2ms)
				AfterProcessingInitializeOnLoad (1ms)
				EditorAssembliesLoaded (0ms)
			ExecutionOrderSort2 (0ms)
			AwakeInstancesAfterBackupRestoration (5ms)
Platform modules already initialized, skipping
Refreshing native plugins compatible for Editor in 0.50 ms, found 2 plugins.
Preloading 0 native plugins for Editor in 0.00 ms.
Unloading 2606 Unused Serialized files (Serialized files now loaded: 0)
System memory in use before: 113.6 MB.
System memory in use after: 113.9 MB.

Unloading 12 unused Assets to reduce memory usage. Loaded Objects now: 3107.
Total: 3.044100 ms (FindLiveObjects: 0.291100 ms CreateObjectMapping: 0.135200 ms MarkObjects: 2.600100 ms  DeleteObjects: 0.016800 ms)

AssetImportParameters requested are different than current active one (requested -> active):
  custom:framework-win-MediaFoundation: 216162199b28c13a410421893ffa2e32 -> 
  custom:video-decoder-ogg-theora: a1e56fd34408186e4bbccfd4996cb3dc -> 
  custom:container-muxer-webm: aa71ff27fc2769a1b78a27578f13a17b -> 
  custom:container-demuxer-webm: 4f35f7cbe854078d1ac9338744f61a02 -> 
  custom:container-demuxer-ogg: 62fdf1f143b41e24485cea50d1cbac27 -> 
  custom:video-encoder-webm-vp8: eb34c28f22e8b96e1ab97ce403110664 -> 
  custom:video-codec-MediaFoundation-h265: 746d11721c4dcdbdad8f713fa42b33f4 -> 
  custom:video-decoder-webm-vp8: 9c59270c3fd7afecdb556c50c9e8de78 -> 
  custom:audio-decoder-ogg-vorbis: bf7c407c2cedff20999df2af8eb42d56 -> 
  custom:audio-encoder-webm-vorbis: bf7c407c2cedff20999df2af8eb42d56 -> 
========================================================================
Received Import Request.
  Time since last request: 10.707662 seconds.
  path: Assets/Script/game state/gameBaseState.cs
  artifactKey: Guid(00f4d5ed397d9bf4ca8d477b5af7b84e) Importer(815301076,1909f56bfc062723c751e8b465ee728b)
Start importing Assets/Script/game state/gameBaseState.cs using Guid(00f4d5ed397d9bf4ca8d477b5af7b84e) Importer(815301076,1909f56bfc062723c751e8b465ee728b)  -> (artifact id: 'ab7ee42ac16d699d5496a2549a3110e0') in 0.010316 seconds 
  Import took 0.013976 seconds .

========================================================================
Received Prepare
Registering precompiled user dll's ...
Registered in 0.001929 seconds.
Begin MonoManager ReloadAssembly
Native extension for WindowsStandalone target not found
Native extension for OSXStandalone target not found
Native extension for WebGL target not found
Refreshing native plugins compatible for Editor in 0.53 ms, found 2 plugins.
Preloading 0 native plugins for Editor in 0.00 ms.
Mono: successfully reloaded assembly
- Completed reload, in  0.634 seconds
Domain Reload Profiling:
	ReloadAssembly (635ms)
		BeginReloadAssembly (92ms)
			ExecutionOrderSort (0ms)
			DisableScriptedObjects (3ms)
			BackupInstance (0ms)
			ReleaseScriptingObjects (0ms)
			CreateAndSetChildDomain (28ms)
		EndReloadAssembly (507ms)
			LoadAssemblies (65ms)
			RebuildTransferFunctionScriptingTraits (0ms)
			SetupTypeCache (180ms)
			ReleaseScriptCaches (1ms)
			RebuildScriptCaches (25ms)
			SetupLoadedEditorAssemblies (189ms)
				LogAssemblyErrors (0ms)
				InitializePlatformSupportModulesInManaged (4ms)
				SetLoadedEditorAssemblies (0ms)
				RefreshPlugins (1ms)
				BeforeProcessingInitializeOnLoad (54ms)
				ProcessInitializeOnLoadAttributes (126ms)
				ProcessInitializeOnLoadMethodAttributes (2ms)
				AfterProcessingInitializeOnLoad (1ms)
				EditorAssembliesLoaded (0ms)
			ExecutionOrderSort2 (0ms)
			AwakeInstancesAfterBackupRestoration (4ms)
Platform modules already initialized, skipping
Refreshing native plugins compatible for Editor in 0.49 ms, found 2 plugins.
Preloading 0 native plugins for Editor in 0.00 ms.
Unloading 2607 Unused Serialized files (Serialized files now loaded: 0)
System memory in use before: 113.7 MB.
System memory in use after: 113.9 MB.

Unloading 12 unused Assets to reduce memory usage. Loaded Objects now: 3110.
Total: 2.746500 ms (FindLiveObjects: 0.229100 ms CreateObjectMapping: 0.066400 ms MarkObjects: 2.435600 ms  DeleteObjects: 0.014700 ms)

AssetImportParameters requested are different than current active one (requested -> active):
  custom:framework-win-MediaFoundation: 216162199b28c13a410421893ffa2e32 -> 
  custom:video-decoder-ogg-theora: a1e56fd34408186e4bbccfd4996cb3dc -> 
  custom:container-muxer-webm: aa71ff27fc2769a1b78a27578f13a17b -> 
  custom:container-demuxer-webm: 4f35f7cbe854078d1ac9338744f61a02 -> 
  custom:container-demuxer-ogg: 62fdf1f143b41e24485cea50d1cbac27 -> 
  custom:video-encoder-webm-vp8: eb34c28f22e8b96e1ab97ce403110664 -> 
  custom:video-codec-MediaFoundation-h265: 746d11721c4dcdbdad8f713fa42b33f4 -> 
  custom:video-decoder-webm-vp8: 9c59270c3fd7afecdb556c50c9e8de78 -> 
  custom:audio-decoder-ogg-vorbis: bf7c407c2cedff20999df2af8eb42d56 -> 
  custom:audio-encoder-webm-vorbis: bf7c407c2cedff20999df2af8eb42d56 -> 
========================================================================
Received Import Request.
  Time since last request: 17.169973 seconds.
  path: Assets/Script/game state/gameStartState.cs
  artifactKey: Guid(ce38cb068a8d34f46bddc5238b9f0fe9) Importer(815301076,1909f56bfc062723c751e8b465ee728b)
Start importing Assets/Script/game state/gameStartState.cs using Guid(ce38cb068a8d34f46bddc5238b9f0fe9) Importer(815301076,1909f56bfc062723c751e8b465ee728b)  -> (artifact id: '4ad4b1be9c4e0541ede4f293666efaef') in 0.008947 seconds 
  Import took 0.012336 seconds .

========================================================================
Received Prepare
Registering precompiled user dll's ...
Registered in 0.001854 seconds.
Begin MonoManager ReloadAssembly
Native extension for WindowsStandalone target not found
Native extension for OSXStandalone target not found
Native extension for WebGL target not found
Refreshing native plugins compatible for Editor in 0.49 ms, found 2 plugins.
Preloading 0 native plugins for Editor in 0.00 ms.
Mono: successfully reloaded assembly
- Completed reload, in  0.629 seconds
Domain Reload Profiling:
	ReloadAssembly (630ms)
		BeginReloadAssembly (89ms)
			ExecutionOrderSort (0ms)
			DisableScriptedObjects (3ms)
			BackupInstance (0ms)
			ReleaseScriptingObjects (0ms)
			CreateAndSetChildDomain (26ms)
		EndReloadAssembly (504ms)
			LoadAssemblies (65ms)
			RebuildTransferFunctionScriptingTraits (0ms)
			SetupTypeCache (178ms)
			ReleaseScriptCaches (1ms)
			RebuildScriptCaches (25ms)
			SetupLoadedEditorAssemblies (189ms)
				LogAssemblyErrors (0ms)
				InitializePlatformSupportModulesInManaged (4ms)
				SetLoadedEditorAssemblies (0ms)
				RefreshPlugins (1ms)
				BeforeProcessingInitializeOnLoad (53ms)
				ProcessInitializeOnLoadAttributes (128ms)
				ProcessInitializeOnLoadMethodAttributes (2ms)
				AfterProcessingInitializeOnLoad (1ms)
				EditorAssembliesLoaded (0ms)
			ExecutionOrderSort2 (0ms)
			AwakeInstancesAfterBackupRestoration (4ms)
Platform modules already initialized, skipping
Refreshing native plugins compatible for Editor in 0.50 ms, found 2 plugins.
Preloading 0 native plugins for Editor in 0.00 ms.
Unloading 2608 Unused Serialized files (Serialized files now loaded: 0)
System memory in use before: 113.8 MB.
System memory in use after: 114.1 MB.

Unloading 12 unused Assets to reduce memory usage. Loaded Objects now: 3113.
Total: 2.765500 ms (FindLiveObjects: 0.233000 ms CreateObjectMapping: 0.087600 ms MarkObjects: 2.428700 ms  DeleteObjects: 0.015400 ms)

AssetImportParameters requested are different than current active one (requested -> active):
  custom:framework-win-MediaFoundation: 216162199b28c13a410421893ffa2e32 -> 
  custom:video-decoder-ogg-theora: a1e56fd34408186e4bbccfd4996cb3dc -> 
  custom:container-muxer-webm: aa71ff27fc2769a1b78a27578f13a17b -> 
  custom:container-demuxer-webm: 4f35f7cbe854078d1ac9338744f61a02 -> 
  custom:container-demuxer-ogg: 62fdf1f143b41e24485cea50d1cbac27 -> 
  custom:video-encoder-webm-vp8: eb34c28f22e8b96e1ab97ce403110664 -> 
  custom:video-codec-MediaFoundation-h265: 746d11721c4dcdbdad8f713fa42b33f4 -> 
  custom:video-decoder-webm-vp8: 9c59270c3fd7afecdb556c50c9e8de78 -> 
  custom:audio-decoder-ogg-vorbis: bf7c407c2cedff20999df2af8eb42d56 -> 
  custom:audio-encoder-webm-vorbis: bf7c407c2cedff20999df2af8eb42d56 -> 
========================================================================
Received Import Request.
  Time since last request: 49.061429 seconds.
  path: Assets/Script/game state/gameIngameState.cs
  artifactKey: Guid(265084e7d947270418da27cc68dd95dd) Importer(815301076,1909f56bfc062723c751e8b465ee728b)
Start importing Assets/Script/game state/gameIngameState.cs using Guid(265084e7d947270418da27cc68dd95dd) Importer(815301076,1909f56bfc062723c751e8b465ee728b)  -> (artifact id: '5d8a2d8c6e2d277a19dc1abd1ca8b746') in 0.009308 seconds 
  Import took 0.012987 seconds .

========================================================================
Received Prepare
Registering precompiled user dll's ...
Registered in 0.001848 seconds.
Begin MonoManager ReloadAssembly
Native extension for WindowsStandalone target not found
Native extension for OSXStandalone target not found
Native extension for WebGL target not found
Refreshing native plugins compatible for Editor in 0.53 ms, found 2 plugins.
Preloading 0 native plugins for Editor in 0.00 ms.
Mono: successfully reloaded assembly
- Completed reload, in  0.638 seconds
Domain Reload Profiling:
	ReloadAssembly (639ms)
		BeginReloadAssembly (90ms)
			ExecutionOrderSort (0ms)
			DisableScriptedObjects (3ms)
			BackupInstance (0ms)
			ReleaseScriptingObjects (0ms)
			CreateAndSetChildDomain (27ms)
		EndReloadAssembly (507ms)
			LoadAssemblies (68ms)
			RebuildTransferFunctionScriptingTraits (0ms)
			SetupTypeCache (175ms)
			ReleaseScriptCaches (1ms)
			RebuildScriptCaches (25ms)
			SetupLoadedEditorAssemblies (190ms)
				LogAssemblyErrors (0ms)
				InitializePlatformSupportModulesInManaged (4ms)
				SetLoadedEditorAssemblies (0ms)
				RefreshPlugins (1ms)
				BeforeProcessingInitializeOnLoad (53ms)
				ProcessInitializeOnLoadAttributes (129ms)
				ProcessInitializeOnLoadMethodAttributes (2ms)
				AfterProcessingInitializeOnLoad (1ms)
				EditorAssembliesLoaded (0ms)
			ExecutionOrderSort2 (0ms)
			AwakeInstancesAfterBackupRestoration (4ms)
Platform modules already initialized, skipping
Refreshing native plugins compatible for Editor in 0.51 ms, found 2 plugins.
Preloading 0 native plugins for Editor in 0.00 ms.
Unloading 2609 Unused Serialized files (Serialized files now loaded: 0)
System memory in use before: 113.9 MB.
System memory in use after: 114.1 MB.

Unloading 12 unused Assets to reduce memory usage. Loaded Objects now: 3116.
Total: 2.772400 ms (FindLiveObjects: 0.261900 ms CreateObjectMapping: 0.094200 ms MarkObjects: 2.398400 ms  DeleteObjects: 0.017000 ms)

AssetImportParameters requested are different than current active one (requested -> active):
  custom:framework-win-MediaFoundation: 216162199b28c13a410421893ffa2e32 -> 
  custom:video-decoder-ogg-theora: a1e56fd34408186e4bbccfd4996cb3dc -> 
  custom:container-muxer-webm: aa71ff27fc2769a1b78a27578f13a17b -> 
  custom:container-demuxer-webm: 4f35f7cbe854078d1ac9338744f61a02 -> 
  custom:container-demuxer-ogg: 62fdf1f143b41e24485cea50d1cbac27 -> 
  custom:video-encoder-webm-vp8: eb34c28f22e8b96e1ab97ce403110664 -> 
  custom:video-codec-MediaFoundation-h265: 746d11721c4dcdbdad8f713fa42b33f4 -> 
  custom:video-decoder-webm-vp8: 9c59270c3fd7afecdb556c50c9e8de78 -> 
  custom:audio-decoder-ogg-vorbis: bf7c407c2cedff20999df2af8eb42d56 -> 
  custom:audio-encoder-webm-vorbis: bf7c407c2cedff20999df2af8eb42d56 -> 
========================================================================
Received Import Request.
  Time since last request: 9.940256 seconds.
  path: Assets/Script/game state/gameEndState.cs
  artifactKey: Guid(aa3b0b43ee972ea43bdeb38ca6345e97) Importer(815301076,1909f56bfc062723c751e8b465ee728b)
Start importing Assets/Script/game state/gameEndState.cs using Guid(aa3b0b43ee972ea43bdeb38ca6345e97) Importer(815301076,1909f56bfc062723c751e8b465ee728b)  -> (artifact id: '47642ea2fa83a22c0418f004ea874b37') in 0.010046 seconds 
  Import took 0.013638 seconds .

========================================================================
Received Prepare
Registering precompiled user dll's ...
Registered in 0.002018 seconds.
Begin MonoManager ReloadAssembly
Native extension for WindowsStandalone target not found
Native extension for OSXStandalone target not found
Native extension for WebGL target not found
Refreshing native plugins compatible for Editor in 0.49 ms, found 2 plugins.
Preloading 0 native plugins for Editor in 0.00 ms.
Mono: successfully reloaded assembly
- Completed reload, in  0.634 seconds
Domain Reload Profiling:
	ReloadAssembly (634ms)
		BeginReloadAssembly (82ms)
			ExecutionOrderSort (0ms)
			DisableScriptedObjects (3ms)
			BackupInstance (0ms)
			ReleaseScriptingObjects (0ms)
			CreateAndSetChildDomain (27ms)
		EndReloadAssembly (515ms)
			LoadAssemblies (66ms)
			RebuildTransferFunctionScriptingTraits (0ms)
			SetupTypeCache (177ms)
			ReleaseScriptCaches (1ms)
			RebuildScriptCaches (25ms)
			SetupLoadedEditorAssemblies (199ms)
				LogAssemblyErrors (0ms)
				InitializePlatformSupportModulesInManaged (4ms)
				SetLoadedEditorAssemblies (0ms)
				RefreshPlugins (1ms)
				BeforeProcessingInitializeOnLoad (53ms)
				ProcessInitializeOnLoadAttributes (138ms)
				ProcessInitializeOnLoadMethodAttributes (2ms)
				AfterProcessingInitializeOnLoad (1ms)
				EditorAssembliesLoaded (0ms)
			ExecutionOrderSort2 (0ms)
			AwakeInstancesAfterBackupRestoration (5ms)
Platform modules already initialized, skipping
Refreshing native plugins compatible for Editor in 0.51 ms, found 2 plugins.
Preloading 0 native plugins for Editor in 0.00 ms.
Unloading 2610 Unused Serialized files (Serialized files now loaded: 0)
System memory in use before: 113.9 MB.
System memory in use after: 114.1 MB.

Unloading 12 unused Assets to reduce memory usage. Loaded Objects now: 3119.
Total: 2.775200 ms (FindLiveObjects: 0.240500 ms CreateObjectMapping: 0.101600 ms MarkObjects: 2.417200 ms  DeleteObjects: 0.015200 ms)

AssetImportParameters requested are different than current active one (requested -> active):
  custom:framework-win-MediaFoundation: 216162199b28c13a410421893ffa2e32 -> 
  custom:video-decoder-ogg-theora: a1e56fd34408186e4bbccfd4996cb3dc -> 
  custom:container-muxer-webm: aa71ff27fc2769a1b78a27578f13a17b -> 
  custom:container-demuxer-webm: 4f35f7cbe854078d1ac9338744f61a02 -> 
  custom:container-demuxer-ogg: 62fdf1f143b41e24485cea50d1cbac27 -> 
  custom:video-encoder-webm-vp8: eb34c28f22e8b96e1ab97ce403110664 -> 
  custom:video-codec-MediaFoundation-h265: 746d11721c4dcdbdad8f713fa42b33f4 -> 
  custom:video-decoder-webm-vp8: 9c59270c3fd7afecdb556c50c9e8de78 -> 
  custom:audio-decoder-ogg-vorbis: bf7c407c2cedff20999df2af8eb42d56 -> 
  custom:audio-encoder-webm-vorbis: bf7c407c2cedff20999df2af8eb42d56 -> 
========================================================================
Received Import Request.
  Time since last request: 124.424191 seconds.
  path: Assets/Script/game state/gameBaseState.cs
  artifactKey: Guid(00f4d5ed397d9bf4ca8d477b5af7b84e) Importer(815301076,1909f56bfc062723c751e8b465ee728b)
Start importing Assets/Script/game state/gameBaseState.cs using Guid(00f4d5ed397d9bf4ca8d477b5af7b84e) Importer(815301076,1909f56bfc062723c751e8b465ee728b)  -> (artifact id: 'e6a8df8223e2f687d1ec3d553810611a') in 0.006274 seconds 
  Import took 0.010792 seconds .

========================================================================
Received Import Request.
  Time since last request: 7.833824 seconds.
  path: Assets/Script/game state/gameBaseState.cs
  artifactKey: Guid(00f4d5ed397d9bf4ca8d477b5af7b84e) Importer(815301076,1909f56bfc062723c751e8b465ee728b)
Start importing Assets/Script/game state/gameBaseState.cs using Guid(00f4d5ed397d9bf4ca8d477b5af7b84e) Importer(815301076,1909f56bfc062723c751e8b465ee728b)  -> (artifact id: '1a6fa53cc086663289493b8bcab1419a') in 0.001936 seconds 
  Import took 0.005812 seconds .

========================================================================
Received Prepare
Registering precompiled user dll's ...
Registered in 0.002153 seconds.
Begin MonoManager ReloadAssembly
Native extension for WindowsStandalone target not found
Native extension for OSXStandalone target not found
Native extension for WebGL target not found
Refreshing native plugins compatible for Editor in 0.53 ms, found 2 plugins.
Preloading 0 native plugins for Editor in 0.00 ms.
Mono: successfully reloaded assembly
- Completed reload, in  0.636 seconds
Domain Reload Profiling:
	ReloadAssembly (636ms)
		BeginReloadAssembly (95ms)
			ExecutionOrderSort (0ms)
			DisableScriptedObjects (3ms)
			BackupInstance (0ms)
			ReleaseScriptingObjects (0ms)
			CreateAndSetChildDomain (26ms)
		EndReloadAssembly (506ms)
			LoadAssemblies (66ms)
			RebuildTransferFunctionScriptingTraits (0ms)
			SetupTypeCache (179ms)
			ReleaseScriptCaches (1ms)
			RebuildScriptCaches (25ms)
			SetupLoadedEditorAssemblies (188ms)
				LogAssemblyErrors (0ms)
				InitializePlatformSupportModulesInManaged (4ms)
				SetLoadedEditorAssemblies (0ms)
				RefreshPlugins (1ms)
				BeforeProcessingInitializeOnLoad (53ms)
				ProcessInitializeOnLoadAttributes (126ms)
				ProcessInitializeOnLoadMethodAttributes (2ms)
				AfterProcessingInitializeOnLoad (1ms)
				EditorAssembliesLoaded (0ms)
			ExecutionOrderSort2 (0ms)
			AwakeInstancesAfterBackupRestoration (4ms)
Platform modules already initialized, skipping
Refreshing native plugins compatible for Editor in 0.51 ms, found 2 plugins.
Preloading 0 native plugins for Editor in 0.00 ms.
Unloading 2610 Unused Serialized files (Serialized files now loaded: 0)
System memory in use before: 113.9 MB.
System memory in use after: 114.1 MB.

Unloading 12 unused Assets to reduce memory usage. Loaded Objects now: 3121.
Total: 2.836700 ms (FindLiveObjects: 0.239600 ms CreateObjectMapping: 0.097200 ms MarkObjects: 2.484900 ms  DeleteObjects: 0.014300 ms)

AssetImportParameters requested are different than current active one (requested -> active):
  custom:framework-win-MediaFoundation: 216162199b28c13a410421893ffa2e32 -> 
  custom:video-decoder-ogg-theora: a1e56fd34408186e4bbccfd4996cb3dc -> 
  custom:container-muxer-webm: aa71ff27fc2769a1b78a27578f13a17b -> 
  custom:container-demuxer-webm: 4f35f7cbe854078d1ac9338744f61a02 -> 
  custom:container-demuxer-ogg: 62fdf1f143b41e24485cea50d1cbac27 -> 
  custom:video-encoder-webm-vp8: eb34c28f22e8b96e1ab97ce403110664 -> 
  custom:video-codec-MediaFoundation-h265: 746d11721c4dcdbdad8f713fa42b33f4 -> 
  custom:video-decoder-webm-vp8: 9c59270c3fd7afecdb556c50c9e8de78 -> 
  custom:audio-decoder-ogg-vorbis: bf7c407c2cedff20999df2af8eb42d56 -> 
  custom:audio-encoder-webm-vorbis: bf7c407c2cedff20999df2af8eb42d56 -> 
========================================================================
Received Prepare
Registering precompiled user dll's ...
Registered in 0.001882 seconds.
Begin MonoManager ReloadAssembly
Native extension for WindowsStandalone target not found
Native extension for OSXStandalone target not found
Native extension for WebGL target not found
Refreshing native plugins compatible for Editor in 0.50 ms, found 2 plugins.
Preloading 0 native plugins for Editor in 0.00 ms.
Mono: successfully reloaded assembly
- Completed reload, in  0.651 seconds
Domain Reload Profiling:
	ReloadAssembly (651ms)
		BeginReloadAssembly (94ms)
			ExecutionOrderSort (0ms)
			DisableScriptedObjects (3ms)
			BackupInstance (0ms)
			ReleaseScriptingObjects (0ms)
			CreateAndSetChildDomain (29ms)
		EndReloadAssembly (519ms)
			LoadAssemblies (67ms)
			RebuildTransferFunctionScriptingTraits (0ms)
			SetupTypeCache (188ms)
			ReleaseScriptCaches (1ms)
			RebuildScriptCaches (24ms)
			SetupLoadedEditorAssemblies (191ms)
				LogAssemblyErrors (0ms)
				InitializePlatformSupportModulesInManaged (4ms)
				SetLoadedEditorAssemblies (0ms)
				RefreshPlugins (1ms)
				BeforeProcessingInitializeOnLoad (53ms)
				ProcessInitializeOnLoadAttributes (129ms)
				ProcessInitializeOnLoadMethodAttributes (2ms)
				AfterProcessingInitializeOnLoad (1ms)
				EditorAssembliesLoaded (0ms)
			ExecutionOrderSort2 (0ms)
			AwakeInstancesAfterBackupRestoration (4ms)
Platform modules already initialized, skipping
Refreshing native plugins compatible for Editor in 0.50 ms, found 2 plugins.
Preloading 0 native plugins for Editor in 0.00 ms.
Unloading 2610 Unused Serialized files (Serialized files now loaded: 0)
System memory in use before: 113.9 MB.
System memory in use after: 114.1 MB.

Unloading 12 unused Assets to reduce memory usage. Loaded Objects now: 3123.
Total: 2.666800 ms (FindLiveObjects: 0.240800 ms CreateObjectMapping: 0.058600 ms MarkObjects: 2.352900 ms  DeleteObjects: 0.013600 ms)

AssetImportParameters requested are different than current active one (requested -> active):
  custom:framework-win-MediaFoundation: 216162199b28c13a410421893ffa2e32 -> 
  custom:video-decoder-ogg-theora: a1e56fd34408186e4bbccfd4996cb3dc -> 
  custom:container-muxer-webm: aa71ff27fc2769a1b78a27578f13a17b -> 
  custom:container-demuxer-webm: 4f35f7cbe854078d1ac9338744f61a02 -> 
  custom:container-demuxer-ogg: 62fdf1f143b41e24485cea50d1cbac27 -> 
  custom:video-encoder-webm-vp8: eb34c28f22e8b96e1ab97ce403110664 -> 
  custom:video-codec-MediaFoundation-h265: 746d11721c4dcdbdad8f713fa42b33f4 -> 
  custom:video-decoder-webm-vp8: 9c59270c3fd7afecdb556c50c9e8de78 -> 
  custom:audio-decoder-ogg-vorbis: bf7c407c2cedff20999df2af8eb42d56 -> 
  custom:audio-encoder-webm-vorbis: bf7c407c2cedff20999df2af8eb42d56 -> 
========================================================================
Received Prepare
Registering precompiled user dll's ...
Registered in 0.001964 seconds.
Begin MonoManager ReloadAssembly
Native extension for WindowsStandalone target not found
Native extension for OSXStandalone target not found
Native extension for WebGL target not found
Refreshing native plugins compatible for Editor in 0.52 ms, found 2 plugins.
Preloading 0 native plugins for Editor in 0.00 ms.
Mono: successfully reloaded assembly
- Completed reload, in  0.645 seconds
Domain Reload Profiling:
	ReloadAssembly (645ms)
		BeginReloadAssembly (92ms)
			ExecutionOrderSort (0ms)
			DisableScriptedObjects (3ms)
			BackupInstance (0ms)
			ReleaseScriptingObjects (0ms)
			CreateAndSetChildDomain (36ms)
		EndReloadAssembly (514ms)
			LoadAssemblies (65ms)
			RebuildTransferFunctionScriptingTraits (0ms)
			SetupTypeCache (185ms)
			ReleaseScriptCaches (1ms)
			RebuildScriptCaches (26ms)
			SetupLoadedEditorAssemblies (188ms)
				LogAssemblyErrors (0ms)
				InitializePlatformSupportModulesInManaged (4ms)
				SetLoadedEditorAssemblies (0ms)
				RefreshPlugins (1ms)
				BeforeProcessingInitializeOnLoad (53ms)
				ProcessInitializeOnLoadAttributes (126ms)
				ProcessInitializeOnLoadMethodAttributes (2ms)
				AfterProcessingInitializeOnLoad (1ms)
				EditorAssembliesLoaded (0ms)
			ExecutionOrderSort2 (0ms)
			AwakeInstancesAfterBackupRestoration (5ms)
Platform modules already initialized, skipping
Refreshing native plugins compatible for Editor in 0.51 ms, found 2 plugins.
Preloading 0 native plugins for Editor in 0.00 ms.
Unloading 2610 Unused Serialized files (Serialized files now loaded: 0)
System memory in use before: 113.9 MB.
System memory in use after: 114.1 MB.

Unloading 12 unused Assets to reduce memory usage. Loaded Objects now: 3125.
Total: 2.820000 ms (FindLiveObjects: 0.257400 ms CreateObjectMapping: 0.068200 ms MarkObjects: 2.477000 ms  DeleteObjects: 0.016700 ms)

AssetImportParameters requested are different than current active one (requested -> active):
  custom:framework-win-MediaFoundation: 216162199b28c13a410421893ffa2e32 -> 
  custom:video-decoder-ogg-theora: a1e56fd34408186e4bbccfd4996cb3dc -> 
  custom:container-muxer-webm: aa71ff27fc2769a1b78a27578f13a17b -> 
  custom:container-demuxer-webm: 4f35f7cbe854078d1ac9338744f61a02 -> 
  custom:container-demuxer-ogg: 62fdf1f143b41e24485cea50d1cbac27 -> 
  custom:video-encoder-webm-vp8: eb34c28f22e8b96e1ab97ce403110664 -> 
  custom:video-codec-MediaFoundation-h265: 746d11721c4dcdbdad8f713fa42b33f4 -> 
  custom:video-decoder-webm-vp8: 9c59270c3fd7afecdb556c50c9e8de78 -> 
  custom:audio-decoder-ogg-vorbis: bf7c407c2cedff20999df2af8eb42d56 -> 
  custom:audio-encoder-webm-vorbis: bf7c407c2cedff20999df2af8eb42d56 -> 
========================================================================
Received Import Request.
  Time since last request: 241.347396 seconds.
  path: Assets/Script/game state/GameStateManager.cs
  artifactKey: Guid(cf6310d1cdd8bc74abb71f25641decd8) Importer(815301076,1909f56bfc062723c751e8b465ee728b)
Start importing Assets/Script/game state/GameStateManager.cs using Guid(cf6310d1cdd8bc74abb71f25641decd8) Importer(815301076,1909f56bfc062723c751e8b465ee728b)  -> (artifact id: '88e2fbc9430bddbdc182bf1547ca75b4') in 0.005491 seconds 
  Import took 0.008885 seconds .

========================================================================
Received Import Request.
  Time since last request: 21.669410 seconds.
  path: Assets/Script/game state/GameStateManager.cs
  artifactKey: Guid(cf6310d1cdd8bc74abb71f25641decd8) Importer(815301076,1909f56bfc062723c751e8b465ee728b)
Start importing Assets/Script/game state/GameStateManager.cs using Guid(cf6310d1cdd8bc74abb71f25641decd8) Importer(815301076,1909f56bfc062723c751e8b465ee728b)  -> (artifact id: '7e593cd8d75984377cf26896e4a8e75a') in 0.001876 seconds 
  Import took 0.004873 seconds .

========================================================================
Received Import Request.
  Time since last request: 27.806754 seconds.
  path: Assets/Script/game state/GameStateManager.cs
  artifactKey: Guid(cf6310d1cdd8bc74abb71f25641decd8) Importer(815301076,1909f56bfc062723c751e8b465ee728b)
Start importing Assets/Script/game state/GameStateManager.cs using Guid(cf6310d1cdd8bc74abb71f25641decd8) Importer(815301076,1909f56bfc062723c751e8b465ee728b)  -> (artifact id: '3b1ec67c0b86f056ad9400e7b57fdf48') in 0.002095 seconds 
  Import took 0.006667 seconds .

========================================================================
Received Import Request.
  Time since last request: 53.446669 seconds.
  path: Assets/Script/game state/GameStateManager.cs
  artifactKey: Guid(cf6310d1cdd8bc74abb71f25641decd8) Importer(815301076,1909f56bfc062723c751e8b465ee728b)
Start importing Assets/Script/game state/GameStateManager.cs using Guid(cf6310d1cdd8bc74abb71f25641decd8) Importer(815301076,1909f56bfc062723c751e8b465ee728b)  -> (artifact id: '05a42f832d15f54e3b50cad955ecfefc') in 0.002213 seconds 
  Import took 0.006041 seconds .

========================================================================
Received Import Request.
  Time since last request: 12.291078 seconds.
  path: Assets/Script/game state/GameStateManager.cs
  artifactKey: Guid(cf6310d1cdd8bc74abb71f25641decd8) Importer(815301076,1909f56bfc062723c751e8b465ee728b)
Start importing Assets/Script/game state/GameStateManager.cs using Guid(cf6310d1cdd8bc74abb71f25641decd8) Importer(815301076,1909f56bfc062723c751e8b465ee728b)  -> (artifact id: '0ee90aba4e39c6ade29ee20e828a042f') in 0.002344 seconds 
  Import took 0.005898 seconds .

========================================================================
Received Import Request.
  Time since last request: 44.346928 seconds.
  path: Assets/Script/game state/GameStateManager.cs
  artifactKey: Guid(cf6310d1cdd8bc74abb71f25641decd8) Importer(815301076,1909f56bfc062723c751e8b465ee728b)
Start importing Assets/Script/game state/GameStateManager.cs using Guid(cf6310d1cdd8bc74abb71f25641decd8) Importer(815301076,1909f56bfc062723c751e8b465ee728b)  -> (artifact id: '3945584d1e3dd014dc64785ac5335e5a') in 0.002066 seconds 
  Import took 0.005434 seconds .

========================================================================
Received Import Request.
  Time since last request: 104.907390 seconds.
  path: Assets/Script/game state/GameStateManager.cs
  artifactKey: Guid(cf6310d1cdd8bc74abb71f25641decd8) Importer(815301076,1909f56bfc062723c751e8b465ee728b)
Start importing Assets/Script/game state/GameStateManager.cs using Guid(cf6310d1cdd8bc74abb71f25641decd8) Importer(815301076,1909f56bfc062723c751e8b465ee728b)  -> (artifact id: 'f93105484898916aaa3b4ca4e2b932d6') in 0.001997 seconds 
  Import took 0.005548 seconds .

========================================================================
Received Import Request.
  Time since last request: 32.168735 seconds.
  path: Assets/Script/game state/GameStateManager.cs
  artifactKey: Guid(cf6310d1cdd8bc74abb71f25641decd8) Importer(815301076,1909f56bfc062723c751e8b465ee728b)
Start importing Assets/Script/game state/GameStateManager.cs using Guid(cf6310d1cdd8bc74abb71f25641decd8) Importer(815301076,1909f56bfc062723c751e8b465ee728b)  -> (artifact id: 'c8d8f75ea7da87c8308fa58f5d1bf5ee') in 0.002110 seconds 
  Import took 0.005820 seconds .

========================================================================
Received Import Request.
  Time since last request: 2.586401 seconds.
  path: Assets/Script/game state/GameStateManager.cs
  artifactKey: Guid(cf6310d1cdd8bc74abb71f25641decd8) Importer(815301076,1909f56bfc062723c751e8b465ee728b)
Start importing Assets/Script/game state/GameStateManager.cs using Guid(cf6310d1cdd8bc74abb71f25641decd8) Importer(815301076,1909f56bfc062723c751e8b465ee728b)  -> (artifact id: '046d0a437670bdc6c120edd19e39a119') in 0.002150 seconds 
  Import took 0.005306 seconds .

========================================================================
Received Import Request.
  Time since last request: 604.067674 seconds.
  path: Assets/Script/game state/GameStateManager.cs
  artifactKey: Guid(cf6310d1cdd8bc74abb71f25641decd8) Importer(815301076,1909f56bfc062723c751e8b465ee728b)
Start importing Assets/Script/game state/GameStateManager.cs using Guid(cf6310d1cdd8bc74abb71f25641decd8) Importer(815301076,1909f56bfc062723c751e8b465ee728b)  -> (artifact id: '19df4f7744c64391fe76a7612afb4783') in 0.002399 seconds 
  Import took 0.005980 seconds .

========================================================================
Received Import Request.
  Time since last request: 565.823778 seconds.
  path: Assets/Script/game state/GameStateManager.cs
  artifactKey: Guid(cf6310d1cdd8bc74abb71f25641decd8) Importer(815301076,1909f56bfc062723c751e8b465ee728b)
Start importing Assets/Script/game state/GameStateManager.cs using Guid(cf6310d1cdd8bc74abb71f25641decd8) Importer(815301076,1909f56bfc062723c751e8b465ee728b)  -> (artifact id: '6739b74b278ec9eca3b3c27108039560') in 0.002164 seconds 
  Import took 0.006325 seconds .

========================================================================
Received Import Request.
  Time since last request: 33.462792 seconds.
  path: Assets/Script/game state/GameStateManager.cs
  artifactKey: Guid(cf6310d1cdd8bc74abb71f25641decd8) Importer(815301076,1909f56bfc062723c751e8b465ee728b)
Start importing Assets/Script/game state/GameStateManager.cs using Guid(cf6310d1cdd8bc74abb71f25641decd8) Importer(815301076,1909f56bfc062723c751e8b465ee728b)  -> (artifact id: '2fa901e86f4b53698f3ff3b099aa5f6b') in 0.002820 seconds 
  Import took 0.006934 seconds .

========================================================================
Received Import Request.
  Time since last request: 43.936631 seconds.
  path: Assets/Script/game state/GameStateManager.cs
  artifactKey: Guid(cf6310d1cdd8bc74abb71f25641decd8) Importer(815301076,1909f56bfc062723c751e8b465ee728b)
Start importing Assets/Script/game state/GameStateManager.cs using Guid(cf6310d1cdd8bc74abb71f25641decd8) Importer(815301076,1909f56bfc062723c751e8b465ee728b)  -> (artifact id: 'd8f79a1952d1e98db2fb9f88a235b975') in 0.002103 seconds 
  Import took 0.005233 seconds .

========================================================================
Received Import Request.
  Time since last request: 154.732456 seconds.
  path: Assets/Script/game state/GameStateManager.cs
  artifactKey: Guid(cf6310d1cdd8bc74abb71f25641decd8) Importer(815301076,1909f56bfc062723c751e8b465ee728b)
Start importing Assets/Script/game state/GameStateManager.cs using Guid(cf6310d1cdd8bc74abb71f25641decd8) Importer(815301076,1909f56bfc062723c751e8b465ee728b)  -> (artifact id: '6ee471efd0a6ec710039a18606fd8622') in 0.001931 seconds 
  Import took 0.005345 seconds .

========================================================================
Received Import Request.
  Time since last request: 20.401221 seconds.
  path: Assets/Script/game state/GameStateManager.cs
  artifactKey: Guid(cf6310d1cdd8bc74abb71f25641decd8) Importer(815301076,1909f56bfc062723c751e8b465ee728b)
Start importing Assets/Script/game state/GameStateManager.cs using Guid(cf6310d1cdd8bc74abb71f25641decd8) Importer(815301076,1909f56bfc062723c751e8b465ee728b)  -> (artifact id: 'ba17b7a7861bab8b4380a2701135bbc4') in 0.002132 seconds 
  Import took 0.005669 seconds .

========================================================================
Received Prepare
Registering precompiled user dll's ...
Registered in 0.002182 seconds.
Begin MonoManager ReloadAssembly
Native extension for WindowsStandalone target not found
Native extension for OSXStandalone target not found
Native extension for WebGL target not found
Refreshing native plugins compatible for Editor in 0.50 ms, found 2 plugins.
Preloading 0 native plugins for Editor in 0.00 ms.
Mono: successfully reloaded assembly
- Completed reload, in  0.637 seconds
Domain Reload Profiling:
	ReloadAssembly (637ms)
		BeginReloadAssembly (86ms)
			ExecutionOrderSort (0ms)
			DisableScriptedObjects (3ms)
			BackupInstance (0ms)
			ReleaseScriptingObjects (0ms)
			CreateAndSetChildDomain (25ms)
		EndReloadAssembly (515ms)
			LoadAssemblies (64ms)
			RebuildTransferFunctionScriptingTraits (0ms)
			SetupTypeCache (182ms)
			ReleaseScriptCaches (2ms)
			RebuildScriptCaches (26ms)
			SetupLoadedEditorAssemblies (192ms)
				LogAssemblyErrors (0ms)
				InitializePlatformSupportModulesInManaged (4ms)
				SetLoadedEditorAssemblies (0ms)
				RefreshPlugins (1ms)
				BeforeProcessingInitializeOnLoad (54ms)
				ProcessInitializeOnLoadAttributes (129ms)
				ProcessInitializeOnLoadMethodAttributes (2ms)
				AfterProcessingInitializeOnLoad (1ms)
				EditorAssembliesLoaded (0ms)
			ExecutionOrderSort2 (0ms)
			AwakeInstancesAfterBackupRestoration (5ms)
Platform modules already initialized, skipping
Refreshing native plugins compatible for Editor in 0.51 ms, found 2 plugins.
Preloading 0 native plugins for Editor in 0.00 ms.
Unloading 2610 Unused Serialized files (Serialized files now loaded: 0)
System memory in use before: 113.9 MB.
System memory in use after: 114.1 MB.

Unloading 12 unused Assets to reduce memory usage. Loaded Objects now: 3127.
Total: 3.167700 ms (FindLiveObjects: 0.319900 ms CreateObjectMapping: 0.134800 ms MarkObjects: 2.694400 ms  DeleteObjects: 0.017900 ms)

AssetImportParameters requested are different than current active one (requested -> active):
  custom:framework-win-MediaFoundation: 216162199b28c13a410421893ffa2e32 -> 
  custom:video-decoder-ogg-theora: a1e56fd34408186e4bbccfd4996cb3dc -> 
  custom:container-muxer-webm: aa71ff27fc2769a1b78a27578f13a17b -> 
  custom:container-demuxer-webm: 4f35f7cbe854078d1ac9338744f61a02 -> 
  custom:container-demuxer-ogg: 62fdf1f143b41e24485cea50d1cbac27 -> 
  custom:video-encoder-webm-vp8: eb34c28f22e8b96e1ab97ce403110664 -> 
  custom:video-codec-MediaFoundation-h265: 746d11721c4dcdbdad8f713fa42b33f4 -> 
  custom:video-decoder-webm-vp8: 9c59270c3fd7afecdb556c50c9e8de78 -> 
  custom:audio-decoder-ogg-vorbis: bf7c407c2cedff20999df2af8eb42d56 -> 
  custom:audio-encoder-webm-vorbis: bf7c407c2cedff20999df2af8eb42d56 -> 
AssetImportWorkerClient::OnTransportError - code=2 error=End of file
